mode: set
github.com/MemDBai/MemDB/memdb-go/internal/cache/redis.go:24.65,25.20 1 0
github.com/MemDBai/MemDB/memdb-go/internal/cache/redis.go:25.20,27.3 1 0
github.com/MemDBai/MemDB/memdb-go/internal/cache/redis.go:29.2,30.16 2 0
github.com/MemDBai/MemDB/memdb-go/internal/cache/redis.go:30.16,32.3 1 0
github.com/MemDBai/MemDB/memdb-go/internal/cache/redis.go:33.2,40.44 6 0
github.com/MemDBai/MemDB/memdb-go/internal/cache/redis.go:40.44,43.3 2 0
github.com/MemDBai/MemDB/memdb-go/internal/cache/redis.go:45.2,46.47 2 0
github.com/MemDBai/MemDB/memdb-go/internal/cache/redis.go:50.71,52.22 2 0
github.com/MemDBai/MemDB/memdb-go/internal/cache/redis.go:52.22,54.3 1 0
github.com/MemDBai/MemDB/memdb-go/internal/cache/redis.go:55.2,55.16 1 0
github.com/MemDBai/MemDB/memdb-go/internal/cache/redis.go:55.16,57.3 1 0
github.com/MemDBai/MemDB/memdb-go/internal/cache/redis.go:58.2,58.17 1 0
github.com/MemDBai/MemDB/memdb-go/internal/cache/redis.go:62.94,64.2 1 0
github.com/MemDBai/MemDB/memdb-go/internal/cache/redis.go:67.32,68.18 1 0
github.com/MemDBai/MemDB/memdb-go/internal/cache/redis.go:68.18,70.3 1 0
github.com/MemDBai/MemDB/memdb-go/internal/cache/redis.go:71.2,71.12 1 0
github.com/MemDBai/MemDB/memdb-go/internal/cache/redis.go:75.50,77.2 1 0
github.com/MemDBai/MemDB/memdb-go/internal/cache/redis.go:80.41,82.49 2 1
github.com/MemDBai/MemDB/memdb-go/internal/cache/redis.go:82.49,84.3 1 1
github.com/MemDBai/MemDB/memdb-go/internal/cache/redis.go:87.2,91.62 3 1
github.com/MemDBai/MemDB/memdb-go/internal/cache/redis.go:95.39,97.2 1 1
github.com/MemDBai/MemDB/memdb-go/internal/db/postgres.go:29.95,30.19 1 0
github.com/MemDBai/MemDB/memdb-go/internal/db/postgres.go:30.19,32.3 1 0
github.com/MemDBai/MemDB/memdb-go/internal/db/postgres.go:34.2,35.16 2 0
github.com/MemDBai/MemDB/memdb-go/internal/db/postgres.go:35.16,37.3 1 0
github.com/MemDBai/MemDB/memdb-go/internal/db/postgres.go:38.2,45.69 6 0
github.com/MemDBai/MemDB/memdb-go/internal/db/postgres.go:45.69,47.17 2 0
github.com/MemDBai/MemDB/memdb-go/internal/db/postgres.go:47.17,49.4 1 0
github.com/MemDBai/MemDB/memdb-go/internal/db/postgres.go:50.3,51.17 2 0
github.com/MemDBai/MemDB/memdb-go/internal/db/postgres.go:51.17,53.4 1 0
github.com/MemDBai/MemDB/memdb-go/internal/db/postgres.go:56.3,57.17 2 0
github.com/MemDBai/MemDB/memdb-go/internal/db/postgres.go:57.17,59.4 1 0
github.com/MemDBai/MemDB/memdb-go/internal/db/postgres.go:60.3,60.13 1 0
github.com/MemDBai/MemDB/memdb-go/internal/db/postgres.go:63.2,64.16 2 0
github.com/MemDBai/MemDB/memdb-go/internal/db/postgres.go:64.16,66.3 1 0
github.com/MemDBai/MemDB/memdb-go/internal/db/postgres.go:69.2,69.39 1 0
github.com/MemDBai/MemDB/memdb-go/internal/db/postgres.go:69.39,72.3 2 0
github.com/MemDBai/MemDB/memdb-go/internal/db/postgres.go:74.2,77.49 2 0
github.com/MemDBai/MemDB/memdb-go/internal/db/postgres.go:77.49,79.3 1 0
github.com/MemDBai/MemDB/memdb-go/internal/db/postgres.go:81.2,82.16 2 0
github.com/MemDBai/MemDB/memdb-go/internal/db/postgres.go:88.34,90.2 1 0
github.com/MemDBai/MemDB/memdb-go/internal/db/postgres.go:93.41,95.2 1 0
github.com/MemDBai/MemDB/memdb-go/internal/db/postgres.go:98.52,100.2 1 0
github.com/MemDBai/MemDB/memdb-go/internal/db/postgres.go:103.28,105.2 1 0
github.com/MemDBai/MemDB/memdb-go/internal/db/postgres.go:115.106,119.16 4 0
github.com/MemDBai/MemDB/memdb-go/internal/db/postgres.go:119.16,120.27 1 0
github.com/MemDBai/MemDB/memdb-go/internal/db/postgres.go:120.27,122.4 1 0
github.com/MemDBai/MemDB/memdb-go/internal/db/postgres.go:123.3,123.18 1 0
github.com/MemDBai/MemDB/memdb-go/internal/db/postgres.go:125.2,128.8 1 0
github.com/MemDBai/MemDB/memdb-go/internal/db/postgres.go:134.106,137.16 3 0
github.com/MemDBai/MemDB/memdb-go/internal/db/postgres.go:137.16,139.3 1 0
github.com/MemDBai/MemDB/memdb-go/internal/db/postgres.go:140.2,143.18 3 0
github.com/MemDBai/MemDB/memdb-go/internal/db/postgres.go:143.18,145.51 2 0
github.com/MemDBai/MemDB/memdb-go/internal/db/postgres.go:145.51,147.4 1 0
github.com/MemDBai/MemDB/memdb-go/internal/db/postgres.go:148.3,151.5 1 0
github.com/MemDBai/MemDB/memdb-go/internal/db/postgres.go:153.2,153.28 1 0
github.com/MemDBai/MemDB/memdb-go/internal/db/postgres.go:159.114,162.16 3 0
github.com/MemDBai/MemDB/memdb-go/internal/db/postgres.go:162.16,164.3 1 0
github.com/MemDBai/MemDB/memdb-go/internal/db/postgres.go:165.2,168.18 3 0
github.com/MemDBai/MemDB/memdb-go/internal/db/postgres.go:168.18,170.51 2 0
github.com/MemDBai/MemDB/memdb-go/internal/db/postgres.go:170.51,172.4 1 0
github.com/MemDBai/MemDB/memdb-go/internal/db/postgres.go:173.3,173.31 1 0
github.com/MemDBai/MemDB/memdb-go/internal/db/postgres.go:175.2,175.28 1 0
github.com/MemDBai/MemDB/memdb-go/internal/db/postgres.go:179.69,182.16 3 0
github.com/MemDBai/MemDB/memdb-go/internal/db/postgres.go:182.16,184.3 1 0
github.com/MemDBai/MemDB/memdb-go/internal/db/postgres.go:185.2,188.18 3 0
github.com/MemDBai/MemDB/memdb-go/internal/db/postgres.go:188.18,190.42 2 0
github.com/MemDBai/MemDB/memdb-go/internal/db/postgres.go:190.42,192.4 1 0
github.com/MemDBai/MemDB/memdb-go/internal/db/postgres.go:193.3,193.30 1 0
github.com/MemDBai/MemDB/memdb-go/internal/db/postgres.go:195.2,195.26 1 0
github.com/MemDBai/MemDB/memdb-go/internal/db/postgres.go:199.73,204.2 4 0
github.com/MemDBai/MemDB/memdb-go/internal/db/postgres.go:207.82,212.2 4 0
github.com/MemDBai/MemDB/memdb-go/internal/db/postgres.go:216.153,221.89 4 0
github.com/MemDBai/MemDB/memdb-go/internal/db/postgres.go:221.89,223.3 1 0
github.com/MemDBai/MemDB/memdb-go/internal/db/postgres.go:225.2,227.16 3 0
github.com/MemDBai/MemDB/memdb-go/internal/db/postgres.go:227.16,229.3 1 0
github.com/MemDBai/MemDB/memdb-go/internal/db/postgres.go:230.2,233.18 3 0
github.com/MemDBai/MemDB/memdb-go/internal/db/postgres.go:233.18,236.52 3 0
github.com/MemDBai/MemDB/memdb-go/internal/db/postgres.go:236.52,238.4 1 0
github.com/MemDBai/MemDB/memdb-go/internal/db/postgres.go:239.3,242.5 1 0
github.com/MemDBai/MemDB/memdb-go/internal/db/postgres.go:244.2,244.35 1 0
github.com/MemDBai/MemDB/memdb-go/internal/db/postgres.go:244.35,246.3 1 0
github.com/MemDBai/MemDB/memdb-go/internal/db/postgres.go:247.2,247.28 1 0
github.com/MemDBai/MemDB/memdb-go/internal/db/postgres.go:252.136,258.88 4 0
github.com/MemDBai/MemDB/memdb-go/internal/db/postgres.go:258.88,260.3 1 0
github.com/MemDBai/MemDB/memdb-go/internal/db/postgres.go:263.2,265.16 3 0
github.com/MemDBai/MemDB/memdb-go/internal/db/postgres.go:265.16,267.3 1 0
github.com/MemDBai/MemDB/memdb-go/internal/db/postgres.go:268.2,271.18 3 0
github.com/MemDBai/MemDB/memdb-go/internal/db/postgres.go:271.18,274.52 3 0
github.com/MemDBai/MemDB/memdb-go/internal/db/postgres.go:274.52,276.4 1 0
github.com/MemDBai/MemDB/memdb-go/internal/db/postgres.go:277.3,280.5 1 0
github.com/MemDBai/MemDB/memdb-go/internal/db/postgres.go:282.2,282.35 1 0
github.com/MemDBai/MemDB/memdb-go/internal/db/postgres.go:282.35,284.3 1 0
github.com/MemDBai/MemDB/memdb-go/internal/db/postgres.go:285.2,285.28 1 0
github.com/MemDBai/MemDB/memdb-go/internal/db/postgres.go:290.115,293.16 3 0
github.com/MemDBai/MemDB/memdb-go/internal/db/postgres.go:293.16,295.3 1 0
github.com/MemDBai/MemDB/memdb-go/internal/db/postgres.go:296.2,296.32 1 0
github.com/MemDBai/MemDB/memdb-go/internal/db/postgres.go:300.112,303.16 3 0
github.com/MemDBai/MemDB/memdb-go/internal/db/postgres.go:303.16,305.3 1 0
github.com/MemDBai/MemDB/memdb-go/internal/db/postgres.go:306.2,309.18 3 0
github.com/MemDBai/MemDB/memdb-go/internal/db/postgres.go:309.18,311.55 2 0
github.com/MemDBai/MemDB/memdb-go/internal/db/postgres.go:311.55,313.4 1 0
github.com/MemDBai/MemDB/memdb-go/internal/db/postgres.go:314.3,314.28 1 0
github.com/MemDBai/MemDB/memdb-go/internal/db/postgres.go:316.2,316.27 1 0
github.com/MemDBai/MemDB/memdb-go/internal/db/postgres.go:321.101,324.16 3 0
github.com/MemDBai/MemDB/memdb-go/internal/db/postgres.go:324.16,326.3 1 0
github.com/MemDBai/MemDB/memdb-go/internal/db/postgres.go:327.2,327.36 1 0
github.com/MemDBai/MemDB/memdb-go/internal/db/postgres.go:332.89,335.16 3 0
github.com/MemDBai/MemDB/memdb-go/internal/db/postgres.go:335.16,337.3 1 0
github.com/MemDBai/MemDB/memdb-go/internal/db/postgres.go:338.2,338.32 1 0
github.com/MemDBai/MemDB/memdb-go/internal/db/postgres.go:351.41,355.24 3 1
github.com/MemDBai/MemDB/memdb-go/internal/db/postgres.go:355.24,356.12 1 1
github.com/MemDBai/MemDB/memdb-go/internal/db/postgres.go:356.12,358.4 1 1
github.com/MemDBai/MemDB/memdb-go/internal/db/postgres.go:359.3,359.58 1 1
github.com/MemDBai/MemDB/memdb-go/internal/db/postgres.go:361.2,362.20 2 1
github.com/MemDBai/MemDB/memdb-go/internal/db/postgres.go:367.44,368.53 1 1
github.com/MemDBai/MemDB/memdb-go/internal/db/postgres.go:368.53,370.3 1 1
github.com/MemDBai/MemDB/memdb-go/internal/db/postgres.go:371.2,374.26 4 1
github.com/MemDBai/MemDB/memdb-go/internal/db/postgres.go:374.26,376.17 2 1
github.com/MemDBai/MemDB/memdb-go/internal/db/postgres.go:376.17,378.4 1 1
github.com/MemDBai/MemDB/memdb-go/internal/db/postgres.go:379.3,379.32 1 1
github.com/MemDBai/MemDB/memdb-go/internal/db/postgres.go:381.2,381.12 1 1
github.com/MemDBai/MemDB/memdb-go/internal/db/postgres.go:386.152,390.16 4 0
github.com/MemDBai/MemDB/memdb-go/internal/db/postgres.go:390.16,392.3 1 0
github.com/MemDBai/MemDB/memdb-go/internal/db/postgres.go:393.2,396.18 3 0
github.com/MemDBai/MemDB/memdb-go/internal/db/postgres.go:396.18,398.84 2 0
github.com/MemDBai/MemDB/memdb-go/internal/db/postgres.go:398.84,400.4 1 0
github.com/MemDBai/MemDB/memdb-go/internal/db/postgres.go:401.3,402.31 2 0
github.com/MemDBai/MemDB/memdb-go/internal/db/postgres.go:404.2,404.28 1 0
github.com/MemDBai/MemDB/memdb-go/internal/db/postgres.go:409.152,410.19 1 0
github.com/MemDBai/MemDB/memdb-go/internal/db/postgres.go:410.19,412.3 1 0
github.com/MemDBai/MemDB/memdb-go/internal/db/postgres.go:413.2,415.16 3 0
github.com/MemDBai/MemDB/memdb-go/internal/db/postgres.go:415.16,417.3 1 0
github.com/MemDBai/MemDB/memdb-go/internal/db/postgres.go:418.2,421.18 3 0
github.com/MemDBai/MemDB/memdb-go/internal/db/postgres.go:421.18,423.67 2 0
github.com/MemDBai/MemDB/memdb-go/internal/db/postgres.go:423.67,425.4 1 0
github.com/MemDBai/MemDB/memdb-go/internal/db/postgres.go:426.3,426.31 1 0
github.com/MemDBai/MemDB/memdb-go/internal/db/postgres.go:428.2,428.28 1 0
github.com/MemDBai/MemDB/memdb-go/internal/db/postgres.go:432.177,436.16 4 0
github.com/MemDBai/MemDB/memdb-go/internal/db/postgres.go:436.16,438.3 1 0
github.com/MemDBai/MemDB/memdb-go/internal/db/postgres.go:439.2,442.18 3 0
github.com/MemDBai/MemDB/memdb-go/internal/db/postgres.go:442.18,444.84 2 0
github.com/MemDBai/MemDB/memdb-go/internal/db/postgres.go:444.84,446.4 1 0
github.com/MemDBai/MemDB/memdb-go/internal/db/postgres.go:447.3,448.31 2 0
github.com/MemDBai/MemDB/memdb-go/internal/db/postgres.go:450.2,450.28 1 0
github.com/MemDBai/MemDB/memdb-go/internal/db/postgres.go:454.177,455.19 1 0
github.com/MemDBai/MemDB/memdb-go/internal/db/postgres.go:455.19,457.3 1 0
github.com/MemDBai/MemDB/memdb-go/internal/db/postgres.go:458.2,460.16 3 0
github.com/MemDBai/MemDB/memdb-go/internal/db/postgres.go:460.16,462.3 1 0
github.com/MemDBai/MemDB/memdb-go/internal/db/postgres.go:463.2,466.18 3 0
github.com/MemDBai/MemDB/memdb-go/internal/db/postgres.go:466.18,468.67 2 0
github.com/MemDBai/MemDB/memdb-go/internal/db/postgres.go:468.67,470.4 1 0
github.com/MemDBai/MemDB/memdb-go/internal/db/postgres.go:471.3,471.31 1 0
github.com/MemDBai/MemDB/memdb-go/internal/db/postgres.go:473.2,473.28 1 0
github.com/MemDBai/MemDB/memdb-go/internal/db/postgres.go:484.152,485.20 1 0
github.com/MemDBai/MemDB/memdb-go/internal/db/postgres.go:485.20,487.3 1 0
github.com/MemDBai/MemDB/memdb-go/internal/db/postgres.go:488.2,490.16 3 0
github.com/MemDBai/MemDB/memdb-go/internal/db/postgres.go:490.16,492.3 1 0
github.com/MemDBai/MemDB/memdb-go/internal/db/postgres.go:493.2,496.18 3 0
github.com/MemDBai/MemDB/memdb-go/internal/db/postgres.go:496.18,498.57 2 0
github.com/MemDBai/MemDB/memdb-go/internal/db/postgres.go:498.57,500.4 1 0
github.com/MemDBai/MemDB/memdb-go/internal/db/postgres.go:501.3,501.31 1 0
github.com/MemDBai/MemDB/memdb-go/internal/db/postgres.go:503.2,503.28 1 0
github.com/MemDBai/MemDB/memdb-go/internal/db/postgres.go:507.153,508.19 1 0
github.com/MemDBai/MemDB/memdb-go/internal/db/postgres.go:508.19,510.3 1 0
github.com/MemDBai/MemDB/memdb-go/internal/db/postgres.go:511.2,513.16 3 0
github.com/MemDBai/MemDB/memdb-go/internal/db/postgres.go:513.16,515.3 1 0
github.com/MemDBai/MemDB/memdb-go/internal/db/postgres.go:516.2,519.18 3 0
github.com/MemDBai/MemDB/memdb-go/internal/db/postgres.go:519.18,521.72 2 0
github.com/MemDBai/MemDB/memdb-go/internal/db/postgres.go:521.72,523.4 1 0
github.com/MemDBai/MemDB/memdb-go/internal/db/postgres.go:524.3,524.31 1 0
github.com/MemDBai/MemDB/memdb-go/internal/db/postgres.go:526.2,526.28 1 0
github.com/MemDBai/MemDB/memdb-go/internal/db/postgres.go:533.163,534.37 1 0
github.com/MemDBai/MemDB/memdb-go/internal/db/postgres.go:534.37,536.3 1 0
github.com/MemDBai/MemDB/memdb-go/internal/db/postgres.go:537.2,539.16 3 0
github.com/MemDBai/MemDB/memdb-go/internal/db/postgres.go:539.16,541.3 1 0
github.com/MemDBai/MemDB/memdb-go/internal/db/postgres.go:542.2,545.18 3 0
github.com/MemDBai/MemDB/memdb-go/internal/db/postgres.go:545.18,547.57 2 0
github.com/MemDBai/MemDB/memdb-go/internal/db/postgres.go:547.57,549.4 1 0
github.com/MemDBai/MemDB/memdb-go/internal/db/postgres.go:550.3,550.31 1 0
github.com/MemDBai/MemDB/memdb-go/internal/db/postgres.go:552.2,552.28 1 0
github.com/MemDBai/MemDB/memdb-go/internal/db/postgres.go:567.91,568.21 1 0
github.com/MemDBai/MemDB/memdb-go/internal/db/postgres.go:568.21,570.3 1 0
github.com/MemDBai/MemDB/memdb-go/internal/db/postgres.go:572.2,576.16 4 0
github.com/MemDBai/MemDB/memdb-go/internal/db/postgres.go:576.16,578.3 1 0
github.com/MemDBai/MemDB/memdb-go/internal/db/postgres.go:579.2,582.26 3 0
github.com/MemDBai/MemDB/memdb-go/internal/db/postgres.go:582.26,585.3 2 0
github.com/MemDBai/MemDB/memdb-go/internal/db/postgres.go:587.2,588.18 2 0
github.com/MemDBai/MemDB/memdb-go/internal/db/postgres.go:588.18,590.38 1 0
github.com/MemDBai/MemDB/memdb-go/internal/db/postgres.go:590.38,593.4 2 0
github.com/MemDBai/MemDB/memdb-go/internal/db/postgres.go:595.3,595.38 1 0
github.com/MemDBai/MemDB/memdb-go/internal/db/postgres.go:595.38,598.4 2 0
github.com/MemDBai/MemDB/memdb-go/internal/db/postgres.go:600.2,600.35 1 0
github.com/MemDBai/MemDB/memdb-go/internal/db/postgres.go:600.35,602.3 1 0
github.com/MemDBai/MemDB/memdb-go/internal/db/postgres.go:604.2,604.23 1 0
github.com/MemDBai/MemDB/memdb-go/internal/db/postgres.go:619.132,622.16 3 0
github.com/MemDBai/MemDB/memdb-go/internal/db/postgres.go:622.16,624.3 1 0
github.com/MemDBai/MemDB/memdb-go/internal/db/postgres.go:625.2,628.18 3 0
github.com/MemDBai/MemDB/memdb-go/internal/db/postgres.go:628.18,630.84 2 0
github.com/MemDBai/MemDB/memdb-go/internal/db/postgres.go:630.84,632.4 1 0
github.com/MemDBai/MemDB/memdb-go/internal/db/postgres.go:633.3,633.28 1 0
github.com/MemDBai/MemDB/memdb-go/internal/db/postgres.go:635.2,635.26 1 0
github.com/MemDBai/MemDB/memdb-go/internal/db/postgres.go:649.151,650.19 1 0
github.com/MemDBai/MemDB/memdb-go/internal/db/postgres.go:650.19,652.3 1 0
github.com/MemDBai/MemDB/memdb-go/internal/db/postgres.go:653.2,655.16 3 0
github.com/MemDBai/MemDB/memdb-go/internal/db/postgres.go:655.16,657.3 1 0
github.com/MemDBai/MemDB/memdb-go/internal/db/postgres.go:658.2,661.18 3 0
github.com/MemDBai/MemDB/memdb-go/internal/db/postgres.go:661.18,663.84 2 0
github.com/MemDBai/MemDB/memdb-go/internal/db/postgres.go:663.84,665.4 1 0
github.com/MemDBai/MemDB/memdb-go/internal/db/postgres.go:666.3,666.28 1 0
github.com/MemDBai/MemDB/memdb-go/internal/db/postgres.go:668.2,668.26 1 0
github.com/MemDBai/MemDB/memdb-go/internal/db/postgres.go:674.110,677.16 3 0
github.com/MemDBai/MemDB/memdb-go/internal/db/postgres.go:677.16,679.3 1 0
github.com/MemDBai/MemDB/memdb-go/internal/db/postgres.go:680.2,683.18 3 0
github.com/MemDBai/MemDB/memdb-go/internal/db/postgres.go:683.18,686.68 3 0
github.com/MemDBai/MemDB/memdb-go/internal/db/postgres.go:686.68,688.4 1 0
github.com/MemDBai/MemDB/memdb-go/internal/db/postgres.go:689.3,690.27 2 0
github.com/MemDBai/MemDB/memdb-go/internal/db/postgres.go:692.2,692.26 1 0
github.com/MemDBai/MemDB/memdb-go/internal/db/postgres.go:707.146,710.16 3 0
github.com/MemDBai/MemDB/memdb-go/internal/db/postgres.go:710.16,712.3 1 0
github.com/MemDBai/MemDB/memdb-go/internal/db/postgres.go:713.2,716.18 3 0
github.com/MemDBai/MemDB/memdb-go/internal/db/postgres.go:716.18,719.71 3 0
github.com/MemDBai/MemDB/memdb-go/internal/db/postgres.go:719.71,721.4 1 0
github.com/MemDBai/MemDB/memdb-go/internal/db/postgres.go:722.3,723.31 2 0
github.com/MemDBai/MemDB/memdb-go/internal/db/postgres.go:725.2,725.28 1 0
github.com/MemDBai/MemDB/memdb-go/internal/db/postgres.go:732.106,735.16 3 0
github.com/MemDBai/MemDB/memdb-go/internal/db/postgres.go:735.16,737.3 1 0
github.com/MemDBai/MemDB/memdb-go/internal/db/postgres.go:738.2,738.12 1 0
github.com/MemDBai/MemDB/memdb-go/internal/db/postgres.go:743.119,746.16 3 0
github.com/MemDBai/MemDB/memdb-go/internal/db/postgres.go:746.16,748.3 1 0
github.com/MemDBai/MemDB/memdb-go/internal/db/postgres.go:749.2,749.12 1 0
github.com/MemDBai/MemDB/memdb-go/internal/db/postgres.go:753.101,758.2 4 0
github.com/MemDBai/MemDB/memdb-go/internal/db/postgres.go:762.110,765.16 3 0
github.com/MemDBai/MemDB/memdb-go/internal/db/postgres.go:765.16,767.3 1 0
github.com/MemDBai/MemDB/memdb-go/internal/db/postgres.go:768.2,768.32 1 0
github.com/MemDBai/MemDB/memdb-go/internal/db/postgres.go:773.120,776.16 3 0
github.com/MemDBai/MemDB/memdb-go/internal/db/postgres.go:776.16,778.3 1 0
github.com/MemDBai/MemDB/memdb-go/internal/db/postgres.go:779.2,782.18 3 0
github.com/MemDBai/MemDB/memdb-go/internal/db/postgres.go:782.18,784.40 2 0
github.com/MemDBai/MemDB/memdb-go/internal/db/postgres.go:784.40,785.12 1 0
github.com/MemDBai/MemDB/memdb-go/internal/db/postgres.go:787.3,787.15 1 0
github.com/MemDBai/MemDB/memdb-go/internal/db/postgres.go:787.15,789.4 1 0
github.com/MemDBai/MemDB/memdb-go/internal/db/postgres.go:791.2,791.24 1 0
github.com/MemDBai/MemDB/memdb-go/internal/db/postgres.go:806.64,818.29 2 0
github.com/MemDBai/MemDB/memdb-go/internal/db/postgres.go:818.29,819.51 1 0
github.com/MemDBai/MemDB/memdb-go/internal/db/postgres.go:819.51,821.4 1 0
github.com/MemDBai/MemDB/memdb-go/internal/db/postgres.go:823.2,823.12 1 0
github.com/MemDBai/MemDB/memdb-go/internal/db/postgres.go:829.106,830.50 1 0
github.com/MemDBai/MemDB/memdb-go/internal/db/postgres.go:830.50,832.3 1 0
github.com/MemDBai/MemDB/memdb-go/internal/db/postgres.go:833.2,834.16 2 0
github.com/MemDBai/MemDB/memdb-go/internal/db/postgres.go:834.16,836.3 1 0
github.com/MemDBai/MemDB/memdb-go/internal/db/postgres.go:837.2,837.12 1 0
github.com/MemDBai/MemDB/memdb-go/internal/db/postgres.go:841.144,842.23 1 0
github.com/MemDBai/MemDB/memdb-go/internal/db/postgres.go:842.23,844.3 1 0
github.com/MemDBai/MemDB/memdb-go/internal/db/postgres.go:845.2,847.16 3 0
github.com/MemDBai/MemDB/memdb-go/internal/db/postgres.go:847.16,849.3 1 0
github.com/MemDBai/MemDB/memdb-go/internal/db/postgres.go:850.2,853.18 3 0
github.com/MemDBai/MemDB/memdb-go/internal/db/postgres.go:853.18,855.57 2 0
github.com/MemDBai/MemDB/memdb-go/internal/db/postgres.go:855.57,856.12 1 0
github.com/MemDBai/MemDB/memdb-go/internal/db/postgres.go:858.3,858.31 1 0
github.com/MemDBai/MemDB/memdb-go/internal/db/postgres.go:860.2,860.28 1 0
github.com/MemDBai/MemDB/memdb-go/internal/db/postgres.go:866.128,867.22 1 0
github.com/MemDBai/MemDB/memdb-go/internal/db/postgres.go:867.22,869.3 1 0
github.com/MemDBai/MemDB/memdb-go/internal/db/postgres.go:870.2,872.16 3 0
github.com/MemDBai/MemDB/memdb-go/internal/db/postgres.go:872.16,874.3 1 0
github.com/MemDBai/MemDB/memdb-go/internal/db/postgres.go:875.2,878.18 3 0
github.com/MemDBai/MemDB/memdb-go/internal/db/postgres.go:878.18,880.39 2 0
github.com/MemDBai/MemDB/memdb-go/internal/db/postgres.go:880.39,881.12 1 0
github.com/MemDBai/MemDB/memdb-go/internal/db/postgres.go:883.3,883.14 1 0
github.com/MemDBai/MemDB/memdb-go/internal/db/postgres.go:883.14,885.4 1 0
github.com/MemDBai/MemDB/memdb-go/internal/db/postgres.go:887.2,887.29 1 0
github.com/MemDBai/MemDB/memdb-go/internal/db/postgres.go:892.92,893.19 1 0
github.com/MemDBai/MemDB/memdb-go/internal/db/postgres.go:893.19,895.3 1 0
github.com/MemDBai/MemDB/memdb-go/internal/db/postgres.go:896.2,898.16 3 0
github.com/MemDBai/MemDB/memdb-go/internal/db/postgres.go:898.16,900.3 1 0
github.com/MemDBai/MemDB/memdb-go/internal/db/postgres.go:901.2,901.12 1 0
github.com/MemDBai/MemDB/memdb-go/internal/db/postgres.go:910.150,913.62 2 0
github.com/MemDBai/MemDB/memdb-go/internal/db/postgres.go:913.62,915.3 1 0
github.com/MemDBai/MemDB/memdb-go/internal/db/postgres.go:918.2,920.16 3 0
github.com/MemDBai/MemDB/memdb-go/internal/db/postgres.go:920.16,922.3 1 0
github.com/MemDBai/MemDB/memdb-go/internal/db/postgres.go:923.2,923.32 1 0
github.com/MemDBai/MemDB/memdb-go/internal/db/postgres.go:928.116,931.16 3 0
github.com/MemDBai/MemDB/memdb-go/internal/db/postgres.go:931.16,933.3 1 0
github.com/MemDBai/MemDB/memdb-go/internal/db/postgres.go:934.2,937.18 3 0
github.com/MemDBai/MemDB/memdb-go/internal/db/postgres.go:937.18,940.66 3 0
github.com/MemDBai/MemDB/memdb-go/internal/db/postgres.go:940.66,942.4 1 0
github.com/MemDBai/MemDB/memdb-go/internal/db/postgres.go:943.3,944.31 2 0
github.com/MemDBai/MemDB/memdb-go/internal/db/postgres.go:946.2,946.28 1 0
github.com/MemDBai/MemDB/memdb-go/internal/db/qdrant.go:21.88,22.16 1 0
github.com/MemDBai/MemDB/memdb-go/internal/db/qdrant.go:22.16,24.3 1 0
github.com/MemDBai/MemDB/memdb-go/internal/db/qdrant.go:26.2,27.63 2 0
github.com/MemDBai/MemDB/memdb-go/internal/db/qdrant.go:27.63,29.50 2 0
github.com/MemDBai/MemDB/memdb-go/internal/db/qdrant.go:29.50,31.4 1 0
github.com/MemDBai/MemDB/memdb-go/internal/db/qdrant.go:32.8,34.3 1 0
github.com/MemDBai/MemDB/memdb-go/internal/db/qdrant.go:36.2,37.16 2 0
github.com/MemDBai/MemDB/memdb-go/internal/db/qdrant.go:37.16,39.3 1 0
github.com/MemDBai/MemDB/memdb-go/internal/db/qdrant.go:42.2,43.16 2 0
github.com/MemDBai/MemDB/memdb-go/internal/db/qdrant.go:43.16,45.3 1 0
github.com/MemDBai/MemDB/memdb-go/internal/db/qdrant.go:47.2,50.53 2 0
github.com/MemDBai/MemDB/memdb-go/internal/db/qdrant.go:54.42,56.2 1 0
github.com/MemDBai/MemDB/memdb-go/internal/db/qdrant.go:59.50,62.2 2 0
github.com/MemDBai/MemDB/memdb-go/internal/db/qdrant.go:65.32,67.2 1 0
github.com/MemDBai/MemDB/memdb-go/internal/db/qdrant.go:70.90,71.19 1 0
github.com/MemDBai/MemDB/memdb-go/internal/db/qdrant.go:71.19,73.3 1 0
github.com/MemDBai/MemDB/memdb-go/internal/db/qdrant.go:75.2,76.25 2 0
github.com/MemDBai/MemDB/memdb-go/internal/db/qdrant.go:76.25,78.3 1 0
github.com/MemDBai/MemDB/memdb-go/internal/db/qdrant.go:80.2,86.12 3 0
github.com/MemDBai/MemDB/memdb-go/internal/db/qdrant.go:90.73,92.2 1 0
github.com/MemDBai/MemDB/memdb-go/internal/db/qdrant.go:102.150,109.18 2 0
github.com/MemDBai/MemDB/memdb-go/internal/db/qdrant.go:109.18,115.3 1 0
github.com/MemDBai/MemDB/memdb-go/internal/db/qdrant.go:116.2,117.16 2 0
github.com/MemDBai/MemDB/memdb-go/internal/db/qdrant.go:117.16,119.3 1 0
github.com/MemDBai/MemDB/memdb-go/internal/db/qdrant.go:121.2,122.28 2 0
github.com/MemDBai/MemDB/memdb-go/internal/db/qdrant.go:122.28,128.36 2 0
github.com/MemDBai/MemDB/memdb-go/internal/db/qdrant.go:128.36,129.41 1 0
github.com/MemDBai/MemDB/memdb-go/internal/db/qdrant.go:129.41,131.5 1 0
github.com/MemDBai/MemDB/memdb-go/internal/db/qdrant.go:131.10,133.5 1 0
github.com/MemDBai/MemDB/memdb-go/internal/db/qdrant.go:136.3,136.37 1 0
github.com/MemDBai/MemDB/memdb-go/internal/db/qdrant.go:136.37,138.4 1 0
github.com/MemDBai/MemDB/memdb-go/internal/db/qdrant.go:139.3,139.31 1 0
github.com/MemDBai/MemDB/memdb-go/internal/db/qdrant.go:141.2,141.21 1 0
github.com/MemDBai/MemDB/memdb-go/internal/db/qdrant.go:147.122,148.16 1 0
github.com/MemDBai/MemDB/memdb-go/internal/db/qdrant.go:148.16,150.3 1 0
github.com/MemDBai/MemDB/memdb-go/internal/db/qdrant.go:152.2,153.17 2 0
github.com/MemDBai/MemDB/memdb-go/internal/db/qdrant.go:153.17,155.3 1 0
github.com/MemDBai/MemDB/memdb-go/internal/db/qdrant.go:157.2,166.6 4 0
github.com/MemDBai/MemDB/memdb-go/internal/db/qdrant.go:166.6,174.17 2 0
github.com/MemDBai/MemDB/memdb-go/internal/db/qdrant.go:174.17,176.4 1 0
github.com/MemDBai/MemDB/memdb-go/internal/db/qdrant.go:178.3,178.29 1 0
github.com/MemDBai/MemDB/memdb-go/internal/db/qdrant.go:178.29,183.37 2 0
github.com/MemDBai/MemDB/memdb-go/internal/db/qdrant.go:183.37,184.42 1 0
github.com/MemDBai/MemDB/memdb-go/internal/db/qdrant.go:184.42,186.6 1 0
github.com/MemDBai/MemDB/memdb-go/internal/db/qdrant.go:186.11,188.6 1 0
github.com/MemDBai/MemDB/memdb-go/internal/db/qdrant.go:190.4,190.38 1 0
github.com/MemDBai/MemDB/memdb-go/internal/db/qdrant.go:190.38,192.5 1 0
github.com/MemDBai/MemDB/memdb-go/internal/db/qdrant.go:193.4,195.32 2 0
github.com/MemDBai/MemDB/memdb-go/internal/db/qdrant.go:195.32,197.5 1 0
github.com/MemDBai/MemDB/memdb-go/internal/db/qdrant.go:200.3,200.24 1 0
github.com/MemDBai/MemDB/memdb-go/internal/db/qdrant.go:200.24,201.9 1 0
github.com/MemDBai/MemDB/memdb-go/internal/db/qdrant.go:203.3,203.28 1 0
github.com/MemDBai/MemDB/memdb-go/internal/db/qdrant.go:206.2,206.24 1 0
github.com/MemDBai/MemDB/memdb-go/internal/db/qdrant.go:210.46,211.14 1 0
github.com/MemDBai/MemDB/memdb-go/internal/db/qdrant.go:211.14,213.3 1 0
github.com/MemDBai/MemDB/memdb-go/internal/db/qdrant.go:214.2,214.35 1 0
github.com/MemDBai/MemDB/memdb-go/internal/db/qdrant.go:215.33,216.25 1 0
github.com/MemDBai/MemDB/memdb-go/internal/db/qdrant.go:217.34,218.26 1 0
github.com/MemDBai/MemDB/memdb-go/internal/db/qdrant.go:219.33,220.25 1 0
github.com/MemDBai/MemDB/memdb-go/internal/db/qdrant.go:221.31,222.23 1 0
github.com/MemDBai/MemDB/memdb-go/internal/db/qdrant.go:223.31,226.30 3 0
github.com/MemDBai/MemDB/memdb-go/internal/db/qdrant.go:226.30,228.4 1 0
github.com/MemDBai/MemDB/memdb-go/internal/db/qdrant.go:229.3,229.16 1 0
github.com/MemDBai/MemDB/memdb-go/internal/db/qdrant.go:230.33,233.29 3 0
github.com/MemDBai/MemDB/memdb-go/internal/db/qdrant.go:233.29,235.4 1 0
github.com/MemDBai/MemDB/memdb-go/internal/db/qdrant.go:236.3,236.16 1 0
github.com/MemDBai/MemDB/memdb-go/internal/db/qdrant.go:237.10,238.13 1 0
github.com/MemDBai/MemDB/memdb-go/internal/db/redis.go:19.90,20.20 1 0
github.com/MemDBai/MemDB/memdb-go/internal/db/redis.go:20.20,22.3 1 0
github.com/MemDBai/MemDB/memdb-go/internal/db/redis.go:24.2,25.16 2 0
github.com/MemDBai/MemDB/memdb-go/internal/db/redis.go:25.16,27.3 1 0
github.com/MemDBai/MemDB/memdb-go/internal/db/redis.go:28.2,38.51 7 0
github.com/MemDBai/MemDB/memdb-go/internal/db/redis.go:38.51,41.3 2 0
github.com/MemDBai/MemDB/memdb-go/internal/db/redis.go:43.2,44.52 2 0
github.com/MemDBai/MemDB/memdb-go/internal/db/redis.go:48.40,50.2 1 0
github.com/MemDBai/MemDB/memdb-go/internal/db/redis.go:53.49,55.2 1 0
github.com/MemDBai/MemDB/memdb-go/internal/db/redis.go:58.31,60.2 1 0
github.com/MemDBai/MemDB/memdb-go/internal/db/redis.go:63.70,65.2 1 0
github.com/MemDBai/MemDB/memdb-go/internal/db/redis.go:68.86,70.2 1 0
github.com/MemDBai/MemDB/memdb-go/internal/db/vset.go:70.58,75.2 1 0
github.com/MemDBai/MemDB/memdb-go/internal/db/vset.go:78.36,80.2 1 1
github.com/MemDBai/MemDB/memdb-go/internal/db/vset.go:102.128,113.16 5 0
github.com/MemDBai/MemDB/memdb-go/internal/db/vset.go:113.16,126.17 3 0
github.com/MemDBai/MemDB/memdb-go/internal/db/vset.go:126.17,128.4 1 0
github.com/MemDBai/MemDB/memdb-go/internal/db/vset.go:134.2,134.65 1 0
github.com/MemDBai/MemDB/memdb-go/internal/db/vset.go:134.65,137.3 1 0
github.com/MemDBai/MemDB/memdb-go/internal/db/vset.go:138.2,138.12 1 0
github.com/MemDBai/MemDB/memdb-go/internal/db/vset.go:142.85,144.82 2 0
github.com/MemDBai/MemDB/memdb-go/internal/db/vset.go:144.82,146.3 1 0
github.com/MemDBai/MemDB/memdb-go/internal/db/vset.go:147.2,147.12 1 0
github.com/MemDBai/MemDB/memdb-go/internal/db/vset.go:156.132,158.2 1 0
github.com/MemDBai/MemDB/memdb-go/internal/db/vset.go:162.153,164.15 2 0
github.com/MemDBai/MemDB/memdb-go/internal/db/vset.go:164.15,166.3 1 0
github.com/MemDBai/MemDB/memdb-go/internal/db/vset.go:168.2,175.15 3 0
github.com/MemDBai/MemDB/memdb-go/internal/db/vset.go:175.15,178.3 2 0
github.com/MemDBai/MemDB/memdb-go/internal/db/vset.go:180.2,181.16 2 0
github.com/MemDBai/MemDB/memdb-go/internal/db/vset.go:181.16,182.23 1 0
github.com/MemDBai/MemDB/memdb-go/internal/db/vset.go:182.23,184.4 1 0
github.com/MemDBai/MemDB/memdb-go/internal/db/vset.go:185.3,185.47 1 0
github.com/MemDBai/MemDB/memdb-go/internal/db/vset.go:187.2,187.23 1 0
github.com/MemDBai/MemDB/memdb-go/internal/db/vset.go:187.23,189.3 1 0
github.com/MemDBai/MemDB/memdb-go/internal/db/vset.go:192.2,194.28 3 0
github.com/MemDBai/MemDB/memdb-go/internal/db/vset.go:194.28,196.3 1 0
github.com/MemDBai/MemDB/memdb-go/internal/db/vset.go:197.2,197.62 1 0
github.com/MemDBai/MemDB/memdb-go/internal/db/vset.go:197.62,199.3 1 0
github.com/MemDBai/MemDB/memdb-go/internal/db/vset.go:201.2,202.28 2 0
github.com/MemDBai/MemDB/memdb-go/internal/db/vset.go:202.28,204.17 2 0
github.com/MemDBai/MemDB/memdb-go/internal/db/vset.go:204.17,206.12 2 0
github.com/MemDBai/MemDB/memdb-go/internal/db/vset.go:208.3,209.20 2 0
github.com/MemDBai/MemDB/memdb-go/internal/db/vset.go:209.20,210.12 1 0
github.com/MemDBai/MemDB/memdb-go/internal/db/vset.go:212.3,216.5 1 0
github.com/MemDBai/MemDB/memdb-go/internal/db/vset.go:218.2,218.24 1 0
github.com/MemDBai/MemDB/memdb-go/internal/db/vset.go:222.87,224.36 2 0
github.com/MemDBai/MemDB/memdb-go/internal/db/vset.go:224.36,226.3 1 0
github.com/MemDBai/MemDB/memdb-go/internal/db/vset.go:227.2,227.15 1 0
github.com/MemDBai/MemDB/memdb-go/internal/db/vset.go:231.100,232.23 1 0
github.com/MemDBai/MemDB/memdb-go/internal/db/vset.go:232.23,234.3 1 0
github.com/MemDBai/MemDB/memdb-go/internal/db/vset.go:235.2,237.29 3 0
github.com/MemDBai/MemDB/memdb-go/internal/db/vset.go:237.29,239.3 1 0
github.com/MemDBai/MemDB/memdb-go/internal/db/vset.go:240.2,240.62 1 0
github.com/MemDBai/MemDB/memdb-go/internal/db/vset.go:240.62,242.3 1 0
github.com/MemDBai/MemDB/memdb-go/internal/db/vset.go:243.2,243.12 1 0
github.com/MemDBai/MemDB/memdb-go/internal/db/vset.go:264.4,266.16 2 0
github.com/MemDBai/MemDB/memdb-go/internal/db/vset.go:266.16,269.3 2 0
github.com/MemDBai/MemDB/memdb-go/internal/db/vset.go:270.2,270.21 1 0
github.com/MemDBai/MemDB/memdb-go/internal/db/vset.go:270.21,273.3 2 0
github.com/MemDBai/MemDB/memdb-go/internal/db/vset.go:275.2,276.31 2 0
github.com/MemDBai/MemDB/memdb-go/internal/db/vset.go:276.31,278.17 2 0
github.com/MemDBai/MemDB/memdb-go/internal/db/vset.go:278.17,280.12 2 0
github.com/MemDBai/MemDB/memdb-go/internal/db/vset.go:282.3,282.27 1 0
github.com/MemDBai/MemDB/memdb-go/internal/db/vset.go:282.27,283.29 1 0
github.com/MemDBai/MemDB/memdb-go/internal/db/vset.go:283.29,284.13 1 0
github.com/MemDBai/MemDB/memdb-go/internal/db/vset.go:286.4,286.79 1 0
github.com/MemDBai/MemDB/memdb-go/internal/db/vset.go:286.79,288.13 2 0
github.com/MemDBai/MemDB/memdb-go/internal/db/vset.go:290.4,290.11 1 0
github.com/MemDBai/MemDB/memdb-go/internal/db/vset.go:292.3,292.21 1 0
github.com/MemDBai/MemDB/memdb-go/internal/db/vset.go:292.21,294.4 1 0
github.com/MemDBai/MemDB/memdb-go/internal/db/vset.go:296.2,299.3 1 0
github.com/MemDBai/MemDB/memdb-go/internal/db/vset.go:305.46,307.22 2 1
github.com/MemDBai/MemDB/memdb-go/internal/db/vset.go:307.22,309.3 1 1
github.com/MemDBai/MemDB/memdb-go/internal/db/vset.go:310.2,310.10 1 1
github.com/MemDBai/MemDB/memdb-go/internal/db/vset.go:315.49,318.35 2 1
github.com/MemDBai/MemDB/memdb-go/internal/db/vset.go:318.35,320.3 1 1
github.com/MemDBai/MemDB/memdb-go/internal/db/vset.go:322.2,323.28 2 1
github.com/MemDBai/MemDB/memdb-go/internal/db/vset.go:323.28,325.3 1 1
github.com/MemDBai/MemDB/memdb-go/internal/db/vset.go:326.2,328.26 3 1
github.com/MemDBai/MemDB/memdb-go/internal/db/vset.go:328.26,329.68 1 1
github.com/MemDBai/MemDB/memdb-go/internal/db/vset.go:329.68,330.9 1 1
github.com/MemDBai/MemDB/memdb-go/internal/db/vset.go:332.3,332.8 1 1
github.com/MemDBai/MemDB/memdb-go/internal/db/vset.go:334.2,334.26 1 1
github.com/MemDBai/MemDB/memdb-go/internal/db/vset.go:334.26,336.3 1 0
github.com/MemDBai/MemDB/memdb-go/internal/db/vset.go:337.2,337.28 1 1
github.com/MemDBai/MemDB/memdb-go/internal/embedder/onnx.go:45.83,46.19 1 0
github.com/MemDBai/MemDB/memdb-go/internal/embedder/onnx.go:46.19,48.3 1 0
github.com/MemDBai/MemDB/memdb-go/internal/embedder/onnx.go:51.2,54.52 2 0
github.com/MemDBai/MemDB/memdb-go/internal/embedder/onnx.go:54.52,56.3 1 0
github.com/MemDBai/MemDB/memdb-go/internal/embedder/onnx.go:59.2,61.16 3 0
github.com/MemDBai/MemDB/memdb-go/internal/embedder/onnx.go:61.16,63.3 1 0
github.com/MemDBai/MemDB/memdb-go/internal/embedder/onnx.go:67.2,68.16 2 0
github.com/MemDBai/MemDB/memdb-go/internal/embedder/onnx.go:68.16,71.3 2 0
github.com/MemDBai/MemDB/memdb-go/internal/embedder/onnx.go:72.2,85.16 7 0
github.com/MemDBai/MemDB/memdb-go/internal/embedder/onnx.go:85.16,89.3 3 0
github.com/MemDBai/MemDB/memdb-go/internal/embedder/onnx.go:92.2,104.8 2 0
github.com/MemDBai/MemDB/memdb-go/internal/embedder/onnx.go:109.88,110.21 1 0
github.com/MemDBai/MemDB/memdb-go/internal/embedder/onnx.go:110.21,112.3 1 0
github.com/MemDBai/MemDB/memdb-go/internal/embedder/onnx.go:115.2,115.9 1 0
github.com/MemDBai/MemDB/memdb-go/internal/embedder/onnx.go:116.20,117.24 1 0
github.com/MemDBai/MemDB/memdb-go/internal/embedder/onnx.go:118.10,118.10 0 0
github.com/MemDBai/MemDB/memdb-go/internal/embedder/onnx.go:121.2,132.29 6 0
github.com/MemDBai/MemDB/memdb-go/internal/embedder/onnx.go:132.29,138.26 4 0
github.com/MemDBai/MemDB/memdb-go/internal/embedder/onnx.go:138.26,141.4 2 0
github.com/MemDBai/MemDB/memdb-go/internal/embedder/onnx.go:143.3,146.27 3 0
github.com/MemDBai/MemDB/memdb-go/internal/embedder/onnx.go:146.27,148.4 1 0
github.com/MemDBai/MemDB/memdb-go/internal/embedder/onnx.go:151.2,151.20 1 0
github.com/MemDBai/MemDB/memdb-go/internal/embedder/onnx.go:151.20,154.25 2 0
github.com/MemDBai/MemDB/memdb-go/internal/embedder/onnx.go:154.25,156.4 1 0
github.com/MemDBai/MemDB/memdb-go/internal/embedder/onnx.go:157.3,157.21 1 0
github.com/MemDBai/MemDB/memdb-go/internal/embedder/onnx.go:161.2,165.33 4 0
github.com/MemDBai/MemDB/memdb-go/internal/embedder/onnx.go:165.33,169.31 3 0
github.com/MemDBai/MemDB/memdb-go/internal/embedder/onnx.go:169.31,172.4 2 0
github.com/MemDBai/MemDB/memdb-go/internal/embedder/onnx.go:174.3,174.39 1 0
github.com/MemDBai/MemDB/memdb-go/internal/embedder/onnx.go:174.39,177.4 2 0
github.com/MemDBai/MemDB/memdb-go/internal/embedder/onnx.go:181.2,185.16 4 0
github.com/MemDBai/MemDB/memdb-go/internal/embedder/onnx.go:185.16,187.3 1 0
github.com/MemDBai/MemDB/memdb-go/internal/embedder/onnx.go:190.2,197.24 3 0
github.com/MemDBai/MemDB/memdb-go/internal/embedder/onnx.go:205.22,210.16 3 0
github.com/MemDBai/MemDB/memdb-go/internal/embedder/onnx.go:210.16,212.3 1 0
github.com/MemDBai/MemDB/memdb-go/internal/embedder/onnx.go:213.2,216.16 3 0
github.com/MemDBai/MemDB/memdb-go/internal/embedder/onnx.go:216.16,218.3 1 0
github.com/MemDBai/MemDB/memdb-go/internal/embedder/onnx.go:219.2,228.16 4 0
github.com/MemDBai/MemDB/memdb-go/internal/embedder/onnx.go:228.16,230.3 1 0
github.com/MemDBai/MemDB/memdb-go/internal/embedder/onnx.go:233.2,233.23 1 0
github.com/MemDBai/MemDB/memdb-go/internal/embedder/onnx.go:233.23,235.3 1 0
github.com/MemDBai/MemDB/memdb-go/internal/embedder/onnx.go:236.2,241.9 3 0
github.com/MemDBai/MemDB/memdb-go/internal/embedder/onnx.go:241.9,243.3 1 0
github.com/MemDBai/MemDB/memdb-go/internal/embedder/onnx.go:245.2,247.27 3 0
github.com/MemDBai/MemDB/memdb-go/internal/embedder/onnx.go:247.27,250.3 1 0
github.com/MemDBai/MemDB/memdb-go/internal/embedder/onnx.go:253.2,256.20 3 0
github.com/MemDBai/MemDB/memdb-go/internal/embedder/onnx.go:260.40,260.56 1 0
github.com/MemDBai/MemDB/memdb-go/internal/embedder/onnx.go:263.38,267.22 3 0
github.com/MemDBai/MemDB/memdb-go/internal/embedder/onnx.go:267.22,270.3 2 0
github.com/MemDBai/MemDB/memdb-go/internal/embedder/onnx.go:271.2,271.24 1 0
github.com/MemDBai/MemDB/memdb-go/internal/embedder/onnx.go:271.24,274.3 2 0
github.com/MemDBai/MemDB/memdb-go/internal/embedder/onnx.go:278.2,281.12 3 0
github.com/MemDBai/MemDB/memdb-go/internal/embedder/pool.go:10.87,13.33 2 1
github.com/MemDBai/MemDB/memdb-go/internal/embedder/pool.go:13.33,20.31 5 1
github.com/MemDBai/MemDB/memdb-go/internal/embedder/pool.go:20.31,21.37 1 1
github.com/MemDBai/MemDB/memdb-go/internal/embedder/pool.go:21.37,22.13 1 1
github.com/MemDBai/MemDB/memdb-go/internal/embedder/pool.go:24.4,26.29 3 1
github.com/MemDBai/MemDB/memdb-go/internal/embedder/pool.go:26.29,28.5 1 1
github.com/MemDBai/MemDB/memdb-go/internal/embedder/pool.go:31.3,31.18 1 1
github.com/MemDBai/MemDB/memdb-go/internal/embedder/pool.go:31.18,33.29 2 1
github.com/MemDBai/MemDB/memdb-go/internal/embedder/pool.go:33.29,35.5 1 1
github.com/MemDBai/MemDB/memdb-go/internal/embedder/pool.go:38.3,39.18 2 1
github.com/MemDBai/MemDB/memdb-go/internal/embedder/pool.go:42.2,42.15 1 1
github.com/MemDBai/MemDB/memdb-go/internal/embedder/pool.go:46.33,48.24 2 1
github.com/MemDBai/MemDB/memdb-go/internal/embedder/pool.go:48.24,50.3 1 1
github.com/MemDBai/MemDB/memdb-go/internal/embedder/pool.go:51.2,52.14 2 1
github.com/MemDBai/MemDB/memdb-go/internal/embedder/pool.go:52.14,54.22 2 1
github.com/MemDBai/MemDB/memdb-go/internal/embedder/pool.go:54.22,56.4 1 1
github.com/MemDBai/MemDB/memdb-go/internal/embedder/voyage.go:30.79,31.17 1 1
github.com/MemDBai/MemDB/memdb-go/internal/embedder/voyage.go:31.17,33.3 1 0
github.com/MemDBai/MemDB/memdb-go/internal/embedder/voyage.go:34.2,41.3 1 1
github.com/MemDBai/MemDB/memdb-go/internal/embedder/voyage.go:65.88,66.21 1 1
github.com/MemDBai/MemDB/memdb-go/internal/embedder/voyage.go:66.21,68.3 1 1
github.com/MemDBai/MemDB/memdb-go/internal/embedder/voyage.go:70.2,76.16 3 1
github.com/MemDBai/MemDB/memdb-go/internal/embedder/voyage.go:76.16,78.3 1 0
github.com/MemDBai/MemDB/memdb-go/internal/embedder/voyage.go:80.2,81.16 2 1
github.com/MemDBai/MemDB/memdb-go/internal/embedder/voyage.go:81.16,83.3 1 0
github.com/MemDBai/MemDB/memdb-go/internal/embedder/voyage.go:84.2,88.16 4 1
github.com/MemDBai/MemDB/memdb-go/internal/embedder/voyage.go:88.16,90.3 1 0
github.com/MemDBai/MemDB/memdb-go/internal/embedder/voyage.go:91.2,94.16 3 1
github.com/MemDBai/MemDB/memdb-go/internal/embedder/voyage.go:94.16,96.3 1 0
github.com/MemDBai/MemDB/memdb-go/internal/embedder/voyage.go:98.2,98.38 1 1
github.com/MemDBai/MemDB/memdb-go/internal/embedder/voyage.go:98.38,100.3 1 1
github.com/MemDBai/MemDB/memdb-go/internal/embedder/voyage.go:102.2,103.59 2 1
github.com/MemDBai/MemDB/memdb-go/internal/embedder/voyage.go:103.59,105.3 1 1
github.com/MemDBai/MemDB/memdb-go/internal/embedder/voyage.go:107.2,107.37 1 1
github.com/MemDBai/MemDB/memdb-go/internal/embedder/voyage.go:107.37,109.3 1 0
github.com/MemDBai/MemDB/memdb-go/internal/embedder/voyage.go:112.2,113.33 2 1
github.com/MemDBai/MemDB/memdb-go/internal/embedder/voyage.go:113.33,114.43 1 1
github.com/MemDBai/MemDB/memdb-go/internal/embedder/voyage.go:114.43,116.4 1 0
github.com/MemDBai/MemDB/memdb-go/internal/embedder/voyage.go:117.3,117.36 1 1
github.com/MemDBai/MemDB/memdb-go/internal/embedder/voyage.go:120.2,125.24 2 1
github.com/MemDBai/MemDB/memdb-go/internal/embedder/voyage.go:129.40,129.55 1 0
github.com/MemDBai/MemDB/memdb-go/internal/embedder/voyage.go:132.38,132.52 1 0
github.com/MemDBai/MemDB/memdb-go/internal/llm/extractor.go:109.67,110.17 1 1
github.com/MemDBai/MemDB/memdb-go/internal/llm/extractor.go:110.17,112.3 1 1
github.com/MemDBai/MemDB/memdb-go/internal/llm/extractor.go:113.2,118.3 1 1
github.com/MemDBai/MemDB/memdb-go/internal/llm/extractor.go:122.39,122.57 1 0
github.com/MemDBai/MemDB/memdb-go/internal/llm/extractor.go:171.131,176.25 4 1
github.com/MemDBai/MemDB/memdb-go/internal/llm/extractor.go:176.25,180.3 3 1
github.com/MemDBai/MemDB/memdb-go/internal/llm/extractor.go:182.2,188.16 3 1
github.com/MemDBai/MemDB/memdb-go/internal/llm/extractor.go:188.16,190.3 1 1
github.com/MemDBai/MemDB/memdb-go/internal/llm/extractor.go:192.2,193.16 2 1
github.com/MemDBai/MemDB/memdb-go/internal/llm/extractor.go:193.16,195.3 1 0
github.com/MemDBai/MemDB/memdb-go/internal/llm/extractor.go:196.2,196.19 1 1
github.com/MemDBai/MemDB/memdb-go/internal/llm/extractor.go:201.104,203.2 1 1
github.com/MemDBai/MemDB/memdb-go/internal/llm/extractor.go:207.123,208.26 1 1
github.com/MemDBai/MemDB/memdb-go/internal/llm/extractor.go:208.26,210.3 1 1
github.com/MemDBai/MemDB/memdb-go/internal/llm/extractor.go:213.2,214.35 2 1
github.com/MemDBai/MemDB/memdb-go/internal/llm/extractor.go:214.35,216.3 1 1
github.com/MemDBai/MemDB/memdb-go/internal/llm/extractor.go:217.2,218.18 2 1
github.com/MemDBai/MemDB/memdb-go/internal/llm/extractor.go:219.17,220.92 1 1
github.com/MemDBai/MemDB/memdb-go/internal/llm/extractor.go:221.26,222.47 1 0
github.com/MemDBai/MemDB/memdb-go/internal/llm/extractor.go:223.10,224.46 1 0
github.com/MemDBai/MemDB/memdb-go/internal/llm/extractor.go:231.122,238.16 2 1
github.com/MemDBai/MemDB/memdb-go/internal/llm/extractor.go:238.16,240.3 1 0
github.com/MemDBai/MemDB/memdb-go/internal/llm/extractor.go:242.2,247.16 4 1
github.com/MemDBai/MemDB/memdb-go/internal/llm/extractor.go:247.16,249.3 1 0
github.com/MemDBai/MemDB/memdb-go/internal/llm/extractor.go:250.2,251.20 2 1
github.com/MemDBai/MemDB/memdb-go/internal/llm/extractor.go:251.20,253.3 1 0
github.com/MemDBai/MemDB/memdb-go/internal/llm/extractor.go:255.2,256.16 2 1
github.com/MemDBai/MemDB/memdb-go/internal/llm/extractor.go:256.16,258.3 1 0
github.com/MemDBai/MemDB/memdb-go/internal/llm/extractor.go:259.2,271.67 3 1
github.com/MemDBai/MemDB/memdb-go/internal/llm/extractor.go:271.67,273.3 1 1
github.com/MemDBai/MemDB/memdb-go/internal/llm/extractor.go:274.2,274.25 1 1
github.com/MemDBai/MemDB/memdb-go/internal/llm/extractor.go:274.25,276.3 1 0
github.com/MemDBai/MemDB/memdb-go/internal/llm/extractor.go:277.2,277.38 1 1
github.com/MemDBai/MemDB/memdb-go/internal/llm/extractor.go:277.38,279.3 1 0
github.com/MemDBai/MemDB/memdb-go/internal/llm/extractor.go:280.2,280.30 1 1
github.com/MemDBai/MemDB/memdb-go/internal/llm/extractor.go:280.30,282.3 1 0
github.com/MemDBai/MemDB/memdb-go/internal/llm/extractor.go:283.2,283.47 1 1
github.com/MemDBai/MemDB/memdb-go/internal/llm/extractor.go:287.35,293.2 5 1
github.com/MemDBai/MemDB/memdb-go/internal/llm/extractor.go:297.63,300.60 3 1
github.com/MemDBai/MemDB/memdb-go/internal/llm/extractor.go:300.60,302.3 1 0
github.com/MemDBai/MemDB/memdb-go/internal/llm/extractor.go:303.2,304.26 2 1
github.com/MemDBai/MemDB/memdb-go/internal/llm/extractor.go:304.26,307.19 2 1
github.com/MemDBai/MemDB/memdb-go/internal/llm/extractor.go:308.46,308.46 0 1
github.com/MemDBai/MemDB/memdb-go/internal/llm/extractor.go:309.11,310.21 1 0
github.com/MemDBai/MemDB/memdb-go/internal/llm/extractor.go:313.3,313.60 1 1
github.com/MemDBai/MemDB/memdb-go/internal/llm/extractor.go:313.60,314.12 1 1
github.com/MemDBai/MemDB/memdb-go/internal/llm/extractor.go:317.3,317.46 1 1
github.com/MemDBai/MemDB/memdb-go/internal/llm/extractor.go:317.46,318.12 1 0
github.com/MemDBai/MemDB/memdb-go/internal/llm/extractor.go:321.3,321.59 1 1
github.com/MemDBai/MemDB/memdb-go/internal/llm/extractor.go:321.59,323.4 1 1
github.com/MemDBai/MemDB/memdb-go/internal/llm/extractor.go:325.3,325.26 1 1
github.com/MemDBai/MemDB/memdb-go/internal/llm/extractor.go:325.26,326.12 1 1
github.com/MemDBai/MemDB/memdb-go/internal/llm/extractor.go:328.3,328.27 1 1
github.com/MemDBai/MemDB/memdb-go/internal/llm/extractor.go:330.2,330.19 1 1
github.com/MemDBai/MemDB/memdb-go/internal/server/middleware/auth.go:25.80,26.46 1 1
github.com/MemDBai/MemDB/memdb-go/internal/server/middleware/auth.go:26.46,27.19 1 1
github.com/MemDBai/MemDB/memdb-go/internal/server/middleware/auth.go:27.19,29.4 1 1
github.com/MemDBai/MemDB/memdb-go/internal/server/middleware/auth.go:31.3,31.72 1 1
github.com/MemDBai/MemDB/memdb-go/internal/server/middleware/auth.go:31.72,34.43 1 1
github.com/MemDBai/MemDB/memdb-go/internal/server/middleware/auth.go:34.43,37.5 2 1
github.com/MemDBai/MemDB/memdb-go/internal/server/middleware/auth.go:40.4,40.38 1 1
github.com/MemDBai/MemDB/memdb-go/internal/server/middleware/auth.go:40.38,43.5 2 1
github.com/MemDBai/MemDB/memdb-go/internal/server/middleware/auth.go:47.4,47.31 1 1
github.com/MemDBai/MemDB/memdb-go/internal/server/middleware/auth.go:47.31,49.21 2 1
github.com/MemDBai/MemDB/memdb-go/internal/server/middleware/auth.go:49.21,51.6 1 1
github.com/MemDBai/MemDB/memdb-go/internal/server/middleware/auth.go:52.5,52.21 1 1
github.com/MemDBai/MemDB/memdb-go/internal/server/middleware/auth.go:52.21,53.84 1 1
github.com/MemDBai/MemDB/memdb-go/internal/server/middleware/auth.go:53.84,56.7 2 1
github.com/MemDBai/MemDB/memdb-go/internal/server/middleware/auth.go:57.6,60.7 1 1
github.com/MemDBai/MemDB/memdb-go/internal/server/middleware/auth.go:65.4,66.24 2 1
github.com/MemDBai/MemDB/memdb-go/internal/server/middleware/auth.go:66.24,69.5 2 1
github.com/MemDBai/MemDB/memdb-go/internal/server/middleware/auth.go:71.4,72.11 2 1
github.com/MemDBai/MemDB/memdb-go/internal/server/middleware/auth.go:72.11,75.5 2 1
github.com/MemDBai/MemDB/memdb-go/internal/server/middleware/auth.go:77.4,77.48 1 1
github.com/MemDBai/MemDB/memdb-go/internal/server/middleware/auth.go:77.48,84.5 3 1
github.com/MemDBai/MemDB/memdb-go/internal/server/middleware/auth.go:86.4,86.24 1 1
github.com/MemDBai/MemDB/memdb-go/internal/server/middleware/auth.go:92.53,94.40 2 1
github.com/MemDBai/MemDB/memdb-go/internal/server/middleware/auth.go:94.40,96.3 1 1
github.com/MemDBai/MemDB/memdb-go/internal/server/middleware/auth.go:97.2,98.17 2 1
github.com/MemDBai/MemDB/memdb-go/internal/server/middleware/auth.go:98.17,100.3 1 0
github.com/MemDBai/MemDB/memdb-go/internal/server/middleware/auth.go:101.2,101.20 1 1
github.com/MemDBai/MemDB/memdb-go/internal/server/middleware/auth.go:106.53,107.24 1 1
github.com/MemDBai/MemDB/memdb-go/internal/server/middleware/auth.go:107.24,109.3 1 0
github.com/MemDBai/MemDB/memdb-go/internal/server/middleware/auth.go:110.2,112.81 3 1
github.com/MemDBai/MemDB/memdb-go/internal/server/middleware/auth.go:115.70,119.2 3 1
github.com/MemDBai/MemDB/memdb-go/internal/server/middleware/cache.go:28.49,28.90 1 0
github.com/MemDBai/MemDB/memdb-go/internal/server/middleware/cache.go:32.49,32.90 1 0
github.com/MemDBai/MemDB/memdb-go/internal/server/middleware/cache.go:36.53,36.90 1 0
github.com/MemDBai/MemDB/memdb-go/internal/server/middleware/cache.go:42.82,43.46 1 0
github.com/MemDBai/MemDB/memdb-go/internal/server/middleware/cache.go:43.46,44.24 1 0
github.com/MemDBai/MemDB/memdb-go/internal/server/middleware/cache.go:44.24,46.4 1 0
github.com/MemDBai/MemDB/memdb-go/internal/server/middleware/cache.go:48.3,48.72 1 0
github.com/MemDBai/MemDB/memdb-go/internal/server/middleware/cache.go:48.72,51.11 3 0
github.com/MemDBai/MemDB/memdb-go/internal/server/middleware/cache.go:51.11,54.5 2 0
github.com/MemDBai/MemDB/memdb-go/internal/server/middleware/cache.go:57.4,57.51 1 0
github.com/MemDBai/MemDB/memdb-go/internal/server/middleware/cache.go:57.51,61.5 3 0
github.com/MemDBai/MemDB/memdb-go/internal/server/middleware/cache.go:64.4,65.19 2 0
github.com/MemDBai/MemDB/memdb-go/internal/server/middleware/cache.go:65.19,69.19 4 0
github.com/MemDBai/MemDB/memdb-go/internal/server/middleware/cache.go:69.19,72.6 2 0
github.com/MemDBai/MemDB/memdb-go/internal/server/middleware/cache.go:74.5,75.39 2 0
github.com/MemDBai/MemDB/memdb-go/internal/server/middleware/cache.go:78.4,79.22 2 0
github.com/MemDBai/MemDB/memdb-go/internal/server/middleware/cache.go:79.22,82.5 2 0
github.com/MemDBai/MemDB/memdb-go/internal/server/middleware/cache.go:85.4,86.18 2 0
github.com/MemDBai/MemDB/memdb-go/internal/server/middleware/cache.go:86.18,88.5 1 0
github.com/MemDBai/MemDB/memdb-go/internal/server/middleware/cache.go:89.4,89.21 1 0
github.com/MemDBai/MemDB/memdb-go/internal/server/middleware/cache.go:89.21,95.5 5 0
github.com/MemDBai/MemDB/memdb-go/internal/server/middleware/cache.go:98.4,103.39 4 0
github.com/MemDBai/MemDB/memdb-go/internal/server/middleware/cache.go:103.39,104.93 1 0
github.com/MemDBai/MemDB/memdb-go/internal/server/middleware/cache.go:104.93,106.6 1 0
github.com/MemDBai/MemDB/memdb-go/internal/server/middleware/cache.go:119.50,122.2 2 0
github.com/MemDBai/MemDB/memdb-go/internal/server/middleware/cache.go:124.57,127.2 2 0
github.com/MemDBai/MemDB/memdb-go/internal/server/middleware/cache.go:129.36,130.50 1 0
github.com/MemDBai/MemDB/memdb-go/internal/server/middleware/cache.go:130.50,132.3 1 0
github.com/MemDBai/MemDB/memdb-go/internal/server/middleware/cors.go:7.43,8.71 1 0
github.com/MemDBai/MemDB/memdb-go/internal/server/middleware/cors.go:8.71,14.37 5 0
github.com/MemDBai/MemDB/memdb-go/internal/server/middleware/cors.go:14.37,17.4 2 0
github.com/MemDBai/MemDB/memdb-go/internal/server/middleware/cors.go:19.3,19.23 1 0
github.com/MemDBai/MemDB/memdb-go/internal/server/middleware/logging.go:17.63,19.2 1 0
github.com/MemDBai/MemDB/memdb-go/internal/server/middleware/logging.go:21.49,24.2 2 0
github.com/MemDBai/MemDB/memdb-go/internal/server/middleware/logging.go:26.56,30.2 3 0
github.com/MemDBai/MemDB/memdb-go/internal/server/middleware/logging.go:33.35,34.51 1 0
github.com/MemDBai/MemDB/memdb-go/internal/server/middleware/logging.go:34.51,36.3 1 0
github.com/MemDBai/MemDB/memdb-go/internal/server/middleware/logging.go:40.67,41.46 1 0
github.com/MemDBai/MemDB/memdb-go/internal/server/middleware/logging.go:41.46,42.72 1 0
github.com/MemDBai/MemDB/memdb-go/internal/server/middleware/logging.go:42.72,58.4 5 0
github.com/MemDBai/MemDB/memdb-go/internal/server/middleware/otel.go:26.36,49.2 6 0
github.com/MemDBai/MemDB/memdb-go/internal/server/middleware/otel.go:54.78,55.46 1 0
github.com/MemDBai/MemDB/memdb-go/internal/server/middleware/otel.go:55.46,56.15 1 0
github.com/MemDBai/MemDB/memdb-go/internal/server/middleware/otel.go:56.15,58.4 1 0
github.com/MemDBai/MemDB/memdb-go/internal/server/middleware/otel.go:61.3,70.100 4 0
github.com/MemDBai/MemDB/memdb-go/internal/server/middleware/otel.go:70.100,90.29 6 0
github.com/MemDBai/MemDB/memdb-go/internal/server/middleware/otel.go:90.29,98.5 1 0
github.com/MemDBai/MemDB/memdb-go/internal/server/middleware/otel.go:100.4,100.42 1 0
github.com/MemDBai/MemDB/memdb-go/internal/server/middleware/otel.go:100.42,102.5 1 0
github.com/MemDBai/MemDB/memdb-go/internal/server/middleware/otel.go:105.3,108.21 3 0
github.com/MemDBai/MemDB/memdb-go/internal/server/middleware/otel.go:118.52,121.2 2 0
github.com/MemDBai/MemDB/memdb-go/internal/server/middleware/otel.go:123.38,124.50 1 0
github.com/MemDBai/MemDB/memdb-go/internal/server/middleware/otel.go:124.50,126.3 1 0
github.com/MemDBai/MemDB/memdb-go/internal/server/middleware/ratelimit.go:26.90,27.46 1 1
github.com/MemDBai/MemDB/memdb-go/internal/server/middleware/ratelimit.go:27.46,28.19 1 1
github.com/MemDBai/MemDB/memdb-go/internal/server/middleware/ratelimit.go:28.19,30.4 1 1
github.com/MemDBai/MemDB/memdb-go/internal/server/middleware/ratelimit.go:32.3,37.72 3 1
github.com/MemDBai/MemDB/memdb-go/internal/server/middleware/ratelimit.go:37.72,39.57 1 1
github.com/MemDBai/MemDB/memdb-go/internal/server/middleware/ratelimit.go:39.57,42.5 2 1
github.com/MemDBai/MemDB/memdb-go/internal/server/middleware/ratelimit.go:45.4,45.31 1 1
github.com/MemDBai/MemDB/memdb-go/internal/server/middleware/ratelimit.go:45.31,47.21 2 1
github.com/MemDBai/MemDB/memdb-go/internal/server/middleware/ratelimit.go:47.21,49.6 1 1
github.com/MemDBai/MemDB/memdb-go/internal/server/middleware/ratelimit.go:50.5,50.83 1 1
github.com/MemDBai/MemDB/memdb-go/internal/server/middleware/ratelimit.go:50.83,53.6 2 1
github.com/MemDBai/MemDB/memdb-go/internal/server/middleware/ratelimit.go:56.4,59.24 3 1
github.com/MemDBai/MemDB/memdb-go/internal/server/middleware/ratelimit.go:59.24,71.5 7 1
github.com/MemDBai/MemDB/memdb-go/internal/server/middleware/ratelimit.go:73.4,73.24 1 1
github.com/MemDBai/MemDB/memdb-go/internal/server/middleware/ratelimit.go:91.50,97.2 1 1
github.com/MemDBai/MemDB/memdb-go/internal/server/middleware/ratelimit.go:99.48,104.13 4 1
github.com/MemDBai/MemDB/memdb-go/internal/server/middleware/ratelimit.go:104.13,108.3 3 1
github.com/MemDBai/MemDB/memdb-go/internal/server/middleware/ratelimit.go:109.2,110.22 2 1
github.com/MemDBai/MemDB/memdb-go/internal/server/middleware/ratelimit.go:114.51,117.21 3 0
github.com/MemDBai/MemDB/memdb-go/internal/server/middleware/ratelimit.go:117.21,119.37 2 0
github.com/MemDBai/MemDB/memdb-go/internal/server/middleware/ratelimit.go:119.37,120.51 1 0
github.com/MemDBai/MemDB/memdb-go/internal/server/middleware/ratelimit.go:120.51,122.5 1 0
github.com/MemDBai/MemDB/memdb-go/internal/server/middleware/ratelimit.go:124.3,124.16 1 0
github.com/MemDBai/MemDB/memdb-go/internal/server/middleware/ratelimit.go:129.40,130.55 1 1
github.com/MemDBai/MemDB/memdb-go/internal/server/middleware/ratelimit.go:130.55,132.33 1 1
github.com/MemDBai/MemDB/memdb-go/internal/server/middleware/ratelimit.go:132.33,133.21 1 1
github.com/MemDBai/MemDB/memdb-go/internal/server/middleware/ratelimit.go:133.21,135.5 1 1
github.com/MemDBai/MemDB/memdb-go/internal/server/middleware/ratelimit.go:137.3,137.13 1 0
github.com/MemDBai/MemDB/memdb-go/internal/server/middleware/ratelimit.go:139.2,139.49 1 1
github.com/MemDBai/MemDB/memdb-go/internal/server/middleware/ratelimit.go:139.49,141.3 1 1
github.com/MemDBai/MemDB/memdb-go/internal/server/middleware/ratelimit.go:142.2,143.16 2 1
github.com/MemDBai/MemDB/memdb-go/internal/server/middleware/ratelimit.go:143.16,145.3 1 0
github.com/MemDBai/MemDB/memdb-go/internal/server/middleware/ratelimit.go:146.2,146.11 1 1
github.com/MemDBai/MemDB/memdb-go/internal/server/middleware/recovery.go:11.68,12.46 1 0
github.com/MemDBai/MemDB/memdb-go/internal/server/middleware/recovery.go:12.46,13.72 1 0
github.com/MemDBai/MemDB/memdb-go/internal/server/middleware/recovery.go:13.72,14.17 1 0
github.com/MemDBai/MemDB/memdb-go/internal/server/middleware/recovery.go:14.17,15.37 1 0
github.com/MemDBai/MemDB/memdb-go/internal/server/middleware/recovery.go:15.37,30.6 4 0
github.com/MemDBai/MemDB/memdb-go/internal/server/middleware/recovery.go:32.4,32.24 1 0
github.com/MemDBai/MemDB/memdb-go/internal/server/middleware/request_id.go:15.48,16.71 1 0
github.com/MemDBai/MemDB/memdb-go/internal/server/middleware/request_id.go:16.71,18.15 2 0
github.com/MemDBai/MemDB/memdb-go/internal/server/middleware/request_id.go:18.15,20.4 1 0
github.com/MemDBai/MemDB/memdb-go/internal/server/middleware/request_id.go:21.3,23.40 3 0
github.com/MemDBai/MemDB/memdb-go/internal/server/middleware/request_id.go:28.47,29.52 1 0
github.com/MemDBai/MemDB/memdb-go/internal/server/middleware/request_id.go:29.52,31.3 1 0
github.com/MemDBai/MemDB/memdb-go/internal/server/middleware/request_id.go:32.2,32.11 1 0
github.com/MemDBai/MemDB/memdb-go/internal/scheduler/llm_client.go:30.109,37.16 2 0
github.com/MemDBai/MemDB/memdb-go/internal/scheduler/llm_client.go:37.16,39.3 1 0
github.com/MemDBai/MemDB/memdb-go/internal/scheduler/llm_client.go:41.2,43.16 2 0
github.com/MemDBai/MemDB/memdb-go/internal/scheduler/llm_client.go:43.16,45.3 1 0
github.com/MemDBai/MemDB/memdb-go/internal/scheduler/llm_client.go:46.2,47.20 2 0
github.com/MemDBai/MemDB/memdb-go/internal/scheduler/llm_client.go:47.20,49.3 1 0
github.com/MemDBai/MemDB/memdb-go/internal/scheduler/llm_client.go:51.2,52.16 2 0
github.com/MemDBai/MemDB/memdb-go/internal/scheduler/llm_client.go:52.16,54.3 1 0
github.com/MemDBai/MemDB/memdb-go/internal/scheduler/llm_client.go:55.2,67.72 3 0
github.com/MemDBai/MemDB/memdb-go/internal/scheduler/llm_client.go:67.72,69.3 1 0
github.com/MemDBai/MemDB/memdb-go/internal/scheduler/llm_client.go:70.2,70.26 1 0
github.com/MemDBai/MemDB/memdb-go/internal/scheduler/llm_client.go:70.26,72.3 1 0
github.com/MemDBai/MemDB/memdb-go/internal/scheduler/llm_client.go:73.2,73.31 1 0
github.com/MemDBai/MemDB/memdb-go/internal/scheduler/llm_client.go:73.31,75.3 1 0
github.com/MemDBai/MemDB/memdb-go/internal/scheduler/llm_client.go:77.2,77.48 1 0
github.com/MemDBai/MemDB/memdb-go/internal/scheduler/llm_client.go:81.35,87.2 5 0
github.com/MemDBai/MemDB/memdb-go/internal/scheduler/llm_client.go:90.44,92.26 2 0
github.com/MemDBai/MemDB/memdb-go/internal/scheduler/llm_client.go:92.26,94.3 1 0
github.com/MemDBai/MemDB/memdb-go/internal/scheduler/llm_client.go:95.2,95.39 1 0
github.com/MemDBai/MemDB/memdb-go/internal/scheduler/message.go:95.82,96.33 1 0
github.com/MemDBai/MemDB/memdb-go/internal/scheduler/message.go:96.33,97.35 1 0
github.com/MemDBai/MemDB/memdb-go/internal/scheduler/message.go:97.35,98.31 1 0
github.com/MemDBai/MemDB/memdb-go/internal/scheduler/message.go:98.31,100.5 1 0
github.com/MemDBai/MemDB/memdb-go/internal/scheduler/message.go:102.3,102.12 1 0
github.com/MemDBai/MemDB/memdb-go/internal/scheduler/message.go:105.2,106.18 2 0
github.com/MemDBai/MemDB/memdb-go/internal/scheduler/message.go:106.18,108.3 1 0
github.com/MemDBai/MemDB/memdb-go/internal/scheduler/message.go:109.2,110.17 2 0
github.com/MemDBai/MemDB/memdb-go/internal/scheduler/message.go:110.17,112.3 1 0
github.com/MemDBai/MemDB/memdb-go/internal/scheduler/message.go:114.2,115.44 2 0
github.com/MemDBai/MemDB/memdb-go/internal/scheduler/message.go:115.44,116.64 1 0
github.com/MemDBai/MemDB/memdb-go/internal/scheduler/message.go:116.64,118.4 1 0
github.com/MemDBai/MemDB/memdb-go/internal/scheduler/message.go:118.9,118.67 1 0
github.com/MemDBai/MemDB/memdb-go/internal/scheduler/message.go:118.67,120.4 1 0
github.com/MemDBai/MemDB/memdb-go/internal/scheduler/message.go:122.2,122.17 1 0
github.com/MemDBai/MemDB/memdb-go/internal/scheduler/message.go:122.17,124.3 1 0
github.com/MemDBai/MemDB/memdb-go/internal/scheduler/message.go:126.2,137.8 1 0
github.com/MemDBai/MemDB/memdb-go/internal/scheduler/profiler.go:48.113,57.2 1 0
github.com/MemDBai/MemDB/memdb-go/internal/scheduler/profiler.go:61.50,62.12 1 0
github.com/MemDBai/MemDB/memdb-go/internal/scheduler/profiler.go:62.12,65.48 3 0
github.com/MemDBai/MemDB/memdb-go/internal/scheduler/profiler.go:65.48,70.4 1 0
github.com/MemDBai/MemDB/memdb-go/internal/scheduler/profiler.go:76.74,77.20 1 0
github.com/MemDBai/MemDB/memdb-go/internal/scheduler/profiler.go:77.20,79.3 1 0
github.com/MemDBai/MemDB/memdb-go/internal/scheduler/profiler.go:80.2,81.16 2 0
github.com/MemDBai/MemDB/memdb-go/internal/scheduler/profiler.go:81.16,83.3 1 0
github.com/MemDBai/MemDB/memdb-go/internal/scheduler/profiler.go:84.2,84.12 1 0
github.com/MemDBai/MemDB/memdb-go/internal/scheduler/profiler.go:88.70,91.16 2 0
github.com/MemDBai/MemDB/memdb-go/internal/scheduler/profiler.go:91.16,93.3 1 0
github.com/MemDBai/MemDB/memdb-go/internal/scheduler/profiler.go:95.2,95.21 1 0
github.com/MemDBai/MemDB/memdb-go/internal/scheduler/profiler.go:95.21,97.3 1 0
github.com/MemDBai/MemDB/memdb-go/internal/scheduler/profiler.go:100.2,101.30 2 0
github.com/MemDBai/MemDB/memdb-go/internal/scheduler/profiler.go:101.30,103.16 2 0
github.com/MemDBai/MemDB/memdb-go/internal/scheduler/profiler.go:103.16,104.12 1 0
github.com/MemDBai/MemDB/memdb-go/internal/scheduler/profiler.go:106.3,108.26 3 0
github.com/MemDBai/MemDB/memdb-go/internal/scheduler/profiler.go:111.2,112.38 2 0
github.com/MemDBai/MemDB/memdb-go/internal/scheduler/profiler.go:112.38,114.3 1 0
github.com/MemDBai/MemDB/memdb-go/internal/scheduler/profiler.go:117.2,118.16 2 0
github.com/MemDBai/MemDB/memdb-go/internal/scheduler/profiler.go:118.16,120.3 1 0
github.com/MemDBai/MemDB/memdb-go/internal/scheduler/profiler.go:121.2,121.19 1 0
github.com/MemDBai/MemDB/memdb-go/internal/scheduler/profiler.go:121.19,123.3 1 0
github.com/MemDBai/MemDB/memdb-go/internal/scheduler/profiler.go:126.2,126.71 1 0
github.com/MemDBai/MemDB/memdb-go/internal/scheduler/profiler.go:130.86,131.23 1 0
github.com/MemDBai/MemDB/memdb-go/internal/scheduler/profiler.go:131.23,133.3 1 0
github.com/MemDBai/MemDB/memdb-go/internal/scheduler/profiler.go:135.2,153.16 4 0
github.com/MemDBai/MemDB/memdb-go/internal/scheduler/profiler.go:153.16,155.3 1 0
github.com/MemDBai/MemDB/memdb-go/internal/scheduler/profiler.go:156.2,157.25 2 0
github.com/MemDBai/MemDB/memdb-go/internal/scheduler/profiler.go:157.25,159.3 1 0
github.com/MemDBai/MemDB/memdb-go/internal/scheduler/profiler.go:161.2,163.16 3 0
github.com/MemDBai/MemDB/memdb-go/internal/scheduler/profiler.go:163.16,165.3 1 0
github.com/MemDBai/MemDB/memdb-go/internal/scheduler/profiler.go:166.2,169.16 3 0
github.com/MemDBai/MemDB/memdb-go/internal/scheduler/profiler.go:169.16,171.3 1 0
github.com/MemDBai/MemDB/memdb-go/internal/scheduler/profiler.go:173.2,178.90 2 0
github.com/MemDBai/MemDB/memdb-go/internal/scheduler/profiler.go:178.90,180.3 1 0
github.com/MemDBai/MemDB/memdb-go/internal/scheduler/profiler.go:182.2,182.68 1 0
github.com/MemDBai/MemDB/memdb-go/internal/scheduler/reorganizer.go:77.16,78.20 1 0
github.com/MemDBai/MemDB/memdb-go/internal/scheduler/reorganizer.go:78.20,80.3 1 0
github.com/MemDBai/MemDB/memdb-go/internal/scheduler/reorganizer.go:81.2,90.3 1 0
github.com/MemDBai/MemDB/memdb-go/internal/scheduler/reorganizer.go:99.90,102.16 3 0
github.com/MemDBai/MemDB/memdb-go/internal/scheduler/reorganizer.go:102.16,104.3 1 0
github.com/MemDBai/MemDB/memdb-go/internal/scheduler/reorganizer.go:105.2,105.18 1 0
github.com/MemDBai/MemDB/memdb-go/internal/scheduler/reorganizer.go:105.18,110.3 1 0
github.com/MemDBai/MemDB/memdb-go/internal/scheduler/reorganizer.go:111.2,111.22 1 0
github.com/MemDBai/MemDB/memdb-go/internal/scheduler/reorganizer_consolidate.go:20.63,25.16 4 0
github.com/MemDBai/MemDB/memdb-go/internal/scheduler/reorganizer_consolidate.go:25.16,28.3 2 0
github.com/MemDBai/MemDB/memdb-go/internal/scheduler/reorganizer_consolidate.go:29.2,29.21 1 0
github.com/MemDBai/MemDB/memdb-go/internal/scheduler/reorganizer_consolidate.go:29.21,32.3 2 0
github.com/MemDBai/MemDB/memdb-go/internal/scheduler/reorganizer_consolidate.go:33.2,41.35 6 0
github.com/MemDBai/MemDB/memdb-go/internal/scheduler/reorganizer_consolidate.go:41.35,42.23 1 0
github.com/MemDBai/MemDB/memdb-go/internal/scheduler/reorganizer_consolidate.go:42.23,43.12 1 0
github.com/MemDBai/MemDB/memdb-go/internal/scheduler/reorganizer_consolidate.go:45.3,45.73 1 0
github.com/MemDBai/MemDB/memdb-go/internal/scheduler/reorganizer_consolidate.go:45.73,50.4 2 0
github.com/MemDBai/MemDB/memdb-go/internal/scheduler/reorganizer_consolidate.go:50.9,52.4 1 0
github.com/MemDBai/MemDB/memdb-go/internal/scheduler/reorganizer_consolidate.go:55.2,58.3 1 0
github.com/MemDBai/MemDB/memdb-go/internal/scheduler/reorganizer_consolidate.go:68.85,69.19 1 0
github.com/MemDBai/MemDB/memdb-go/internal/scheduler/reorganizer_consolidate.go:69.19,71.3 1 0
github.com/MemDBai/MemDB/memdb-go/internal/scheduler/reorganizer_consolidate.go:72.2,79.16 4 0
github.com/MemDBai/MemDB/memdb-go/internal/scheduler/reorganizer_consolidate.go:79.16,82.3 2 0
github.com/MemDBai/MemDB/memdb-go/internal/scheduler/reorganizer_consolidate.go:83.2,83.21 1 0
github.com/MemDBai/MemDB/memdb-go/internal/scheduler/reorganizer_consolidate.go:83.21,86.3 2 0
github.com/MemDBai/MemDB/memdb-go/internal/scheduler/reorganizer_consolidate.go:87.2,93.35 5 0
github.com/MemDBai/MemDB/memdb-go/internal/scheduler/reorganizer_consolidate.go:93.35,94.23 1 0
github.com/MemDBai/MemDB/memdb-go/internal/scheduler/reorganizer_consolidate.go:94.23,95.12 1 0
github.com/MemDBai/MemDB/memdb-go/internal/scheduler/reorganizer_consolidate.go:97.3,97.73 1 0
github.com/MemDBai/MemDB/memdb-go/internal/scheduler/reorganizer_consolidate.go:97.73,102.4 2 0
github.com/MemDBai/MemDB/memdb-go/internal/scheduler/reorganizer_consolidate.go:102.9,104.4 1 0
github.com/MemDBai/MemDB/memdb-go/internal/scheduler/reorganizer_consolidate.go:106.2,109.3 1 0
github.com/MemDBai/MemDB/memdb-go/internal/scheduler/reorganizer_consolidate.go:120.58,122.26 2 0
github.com/MemDBai/MemDB/memdb-go/internal/scheduler/reorganizer_consolidate.go:122.26,123.28 1 0
github.com/MemDBai/MemDB/memdb-go/internal/scheduler/reorganizer_consolidate.go:123.28,125.4 1 0
github.com/MemDBai/MemDB/memdb-go/internal/scheduler/reorganizer_consolidate.go:126.3,126.28 1 0
github.com/MemDBai/MemDB/memdb-go/internal/scheduler/reorganizer_consolidate.go:126.28,128.4 1 0
github.com/MemDBai/MemDB/memdb-go/internal/scheduler/reorganizer_consolidate.go:131.2,132.27 2 0
github.com/MemDBai/MemDB/memdb-go/internal/scheduler/reorganizer_consolidate.go:132.27,134.3 1 0
github.com/MemDBai/MemDB/memdb-go/internal/scheduler/reorganizer_consolidate.go:136.2,137.31 2 0
github.com/MemDBai/MemDB/memdb-go/internal/scheduler/reorganizer_consolidate.go:137.31,138.21 1 0
github.com/MemDBai/MemDB/memdb-go/internal/scheduler/reorganizer_consolidate.go:138.21,140.4 1 0
github.com/MemDBai/MemDB/memdb-go/internal/scheduler/reorganizer_consolidate.go:141.3,141.19 1 0
github.com/MemDBai/MemDB/memdb-go/internal/scheduler/reorganizer_consolidate.go:144.2,144.29 1 0
github.com/MemDBai/MemDB/memdb-go/internal/scheduler/reorganizer_consolidate.go:144.29,146.15 2 0
github.com/MemDBai/MemDB/memdb-go/internal/scheduler/reorganizer_consolidate.go:146.15,148.4 1 0
github.com/MemDBai/MemDB/memdb-go/internal/scheduler/reorganizer_consolidate.go:151.2,151.26 1 0
github.com/MemDBai/MemDB/memdb-go/internal/scheduler/reorganizer_consolidate.go:151.26,153.3 1 0
github.com/MemDBai/MemDB/memdb-go/internal/scheduler/reorganizer_consolidate.go:155.2,156.33 2 0
github.com/MemDBai/MemDB/memdb-go/internal/scheduler/reorganizer_consolidate.go:156.33,159.3 2 0
github.com/MemDBai/MemDB/memdb-go/internal/scheduler/reorganizer_consolidate.go:161.2,162.33 2 0
github.com/MemDBai/MemDB/memdb-go/internal/scheduler/reorganizer_consolidate.go:162.33,163.24 1 0
github.com/MemDBai/MemDB/memdb-go/internal/scheduler/reorganizer_consolidate.go:163.24,165.4 1 0
github.com/MemDBai/MemDB/memdb-go/internal/scheduler/reorganizer_consolidate.go:167.2,167.17 1 0
github.com/MemDBai/MemDB/memdb-go/internal/scheduler/reorganizer_consolidate.go:171.115,173.16 2 0
github.com/MemDBai/MemDB/memdb-go/internal/scheduler/reorganizer_consolidate.go:173.16,175.3 1 0
github.com/MemDBai/MemDB/memdb-go/internal/scheduler/reorganizer_consolidate.go:176.2,176.52 1 0
github.com/MemDBai/MemDB/memdb-go/internal/scheduler/reorganizer_consolidate.go:176.52,178.3 1 0
github.com/MemDBai/MemDB/memdb-go/internal/scheduler/reorganizer_consolidate.go:180.2,181.28 2 0
github.com/MemDBai/MemDB/memdb-go/internal/scheduler/reorganizer_consolidate.go:181.28,183.3 1 0
github.com/MemDBai/MemDB/memdb-go/internal/scheduler/reorganizer_consolidate.go:184.2,184.32 1 0
github.com/MemDBai/MemDB/memdb-go/internal/scheduler/reorganizer_consolidate.go:184.32,186.3 1 0
github.com/MemDBai/MemDB/memdb-go/internal/scheduler/reorganizer_consolidate.go:188.2,189.23 2 0
github.com/MemDBai/MemDB/memdb-go/internal/scheduler/reorganizer_consolidate.go:189.23,191.54 2 0
github.com/MemDBai/MemDB/memdb-go/internal/scheduler/reorganizer_consolidate.go:191.54,193.4 1 0
github.com/MemDBai/MemDB/memdb-go/internal/scheduler/reorganizer_consolidate.go:196.2,196.108 1 0
github.com/MemDBai/MemDB/memdb-go/internal/scheduler/reorganizer_consolidate.go:196.108,198.3 1 0
github.com/MemDBai/MemDB/memdb-go/internal/scheduler/reorganizer_consolidate.go:199.2,203.44 2 0
github.com/MemDBai/MemDB/memdb-go/internal/scheduler/reorganizer_consolidate.go:203.44,204.28 1 0
github.com/MemDBai/MemDB/memdb-go/internal/scheduler/reorganizer_consolidate.go:204.28,207.12 2 0
github.com/MemDBai/MemDB/memdb-go/internal/scheduler/reorganizer_consolidate.go:209.3,209.88 1 0
github.com/MemDBai/MemDB/memdb-go/internal/scheduler/reorganizer_consolidate.go:209.88,212.4 1 0
github.com/MemDBai/MemDB/memdb-go/internal/scheduler/reorganizer_consolidate.go:212.9,217.108 2 0
github.com/MemDBai/MemDB/memdb-go/internal/scheduler/reorganizer_consolidate.go:217.108,220.5 1 0
github.com/MemDBai/MemDB/memdb-go/internal/scheduler/reorganizer_consolidate.go:223.3,223.23 1 0
github.com/MemDBai/MemDB/memdb-go/internal/scheduler/reorganizer_consolidate.go:223.23,224.64 1 0
github.com/MemDBai/MemDB/memdb-go/internal/scheduler/reorganizer_consolidate.go:224.64,227.5 1 0
github.com/MemDBai/MemDB/memdb-go/internal/scheduler/reorganizer_consolidate.go:234.2,234.56 1 0
github.com/MemDBai/MemDB/memdb-go/internal/scheduler/reorganizer_consolidate.go:234.56,235.34 1 0
github.com/MemDBai/MemDB/memdb-go/internal/scheduler/reorganizer_consolidate.go:235.34,238.12 2 0
github.com/MemDBai/MemDB/memdb-go/internal/scheduler/reorganizer_consolidate.go:241.3,241.114 1 0
github.com/MemDBai/MemDB/memdb-go/internal/scheduler/reorganizer_consolidate.go:241.114,244.4 1 0
github.com/MemDBai/MemDB/memdb-go/internal/scheduler/reorganizer_consolidate.go:245.3,245.98 1 0
github.com/MemDBai/MemDB/memdb-go/internal/scheduler/reorganizer_consolidate.go:245.98,248.4 1 0
github.com/MemDBai/MemDB/memdb-go/internal/scheduler/reorganizer_consolidate.go:248.9,252.4 1 0
github.com/MemDBai/MemDB/memdb-go/internal/scheduler/reorganizer_consolidate.go:253.3,253.23 1 0
github.com/MemDBai/MemDB/memdb-go/internal/scheduler/reorganizer_consolidate.go:253.23,254.70 1 0
github.com/MemDBai/MemDB/memdb-go/internal/scheduler/reorganizer_consolidate.go:254.70,257.5 1 0
github.com/MemDBai/MemDB/memdb-go/internal/scheduler/reorganizer_consolidate.go:261.2,261.12 1 0
github.com/MemDBai/MemDB/memdb-go/internal/scheduler/reorganizer_consolidate.go:275.107,281.28 3 0
github.com/MemDBai/MemDB/memdb-go/internal/scheduler/reorganizer_consolidate.go:281.28,283.3 1 0
github.com/MemDBai/MemDB/memdb-go/internal/scheduler/reorganizer_consolidate.go:284.2,295.16 6 0
github.com/MemDBai/MemDB/memdb-go/internal/scheduler/reorganizer_consolidate.go:295.16,297.3 1 0
github.com/MemDBai/MemDB/memdb-go/internal/scheduler/reorganizer_consolidate.go:299.2,301.61 3 0
github.com/MemDBai/MemDB/memdb-go/internal/scheduler/reorganizer_consolidate.go:301.61,303.3 1 0
github.com/MemDBai/MemDB/memdb-go/internal/scheduler/reorganizer_consolidate.go:304.2,304.20 1 0
github.com/MemDBai/MemDB/memdb-go/internal/scheduler/reorganizer_consolidate.go:308.45,310.28 2 0
github.com/MemDBai/MemDB/memdb-go/internal/scheduler/reorganizer_consolidate.go:310.28,312.3 1 0
github.com/MemDBai/MemDB/memdb-go/internal/scheduler/reorganizer_consolidate.go:313.2,313.12 1 0
github.com/MemDBai/MemDB/memdb-go/internal/scheduler/reorganizer_feedback.go:32.113,33.19 1 0
github.com/MemDBai/MemDB/memdb-go/internal/scheduler/reorganizer_feedback.go:33.19,35.3 1 0
github.com/MemDBai/MemDB/memdb-go/internal/scheduler/reorganizer_feedback.go:37.2,44.35 3 0
github.com/MemDBai/MemDB/memdb-go/internal/scheduler/reorganizer_feedback.go:44.35,48.3 3 0
github.com/MemDBai/MemDB/memdb-go/internal/scheduler/reorganizer_feedback.go:51.2,52.16 2 0
github.com/MemDBai/MemDB/memdb-go/internal/scheduler/reorganizer_feedback.go:52.16,56.3 3 0
github.com/MemDBai/MemDB/memdb-go/internal/scheduler/reorganizer_feedback.go:57.2,57.23 1 0
github.com/MemDBai/MemDB/memdb-go/internal/scheduler/reorganizer_feedback.go:57.23,60.3 2 0
github.com/MemDBai/MemDB/memdb-go/internal/scheduler/reorganizer_feedback.go:63.2,66.30 3 0
github.com/MemDBai/MemDB/memdb-go/internal/scheduler/reorganizer_feedback.go:66.30,67.21 1 0
github.com/MemDBai/MemDB/memdb-go/internal/scheduler/reorganizer_feedback.go:68.17,69.25 1 0
github.com/MemDBai/MemDB/memdb-go/internal/scheduler/reorganizer_feedback.go:69.25,70.13 1 0
github.com/MemDBai/MemDB/memdb-go/internal/scheduler/reorganizer_feedback.go:72.4,73.57 2 0
github.com/MemDBai/MemDB/memdb-go/internal/scheduler/reorganizer_feedback.go:73.57,75.13 2 0
github.com/MemDBai/MemDB/memdb-go/internal/scheduler/reorganizer_feedback.go:77.4,77.115 1 0
github.com/MemDBai/MemDB/memdb-go/internal/scheduler/reorganizer_feedback.go:77.115,79.13 2 0
github.com/MemDBai/MemDB/memdb-go/internal/scheduler/reorganizer_feedback.go:81.4,81.24 1 0
github.com/MemDBai/MemDB/memdb-go/internal/scheduler/reorganizer_feedback.go:81.24,83.5 1 0
github.com/MemDBai/MemDB/memdb-go/internal/scheduler/reorganizer_feedback.go:84.4,84.13 1 0
github.com/MemDBai/MemDB/memdb-go/internal/scheduler/reorganizer_feedback.go:86.17,87.91 1 0
github.com/MemDBai/MemDB/memdb-go/internal/scheduler/reorganizer_feedback.go:87.91,89.13 2 0
github.com/MemDBai/MemDB/memdb-go/internal/scheduler/reorganizer_feedback.go:91.4,91.24 1 0
github.com/MemDBai/MemDB/memdb-go/internal/scheduler/reorganizer_feedback.go:91.24,93.5 1 0
github.com/MemDBai/MemDB/memdb-go/internal/scheduler/reorganizer_feedback.go:94.4,94.13 1 0
github.com/MemDBai/MemDB/memdb-go/internal/scheduler/reorganizer_feedback.go:98.2,101.3 1 0
github.com/MemDBai/MemDB/memdb-go/internal/scheduler/reorganizer_feedback.go:105.133,111.26 3 0
github.com/MemDBai/MemDB/memdb-go/internal/scheduler/reorganizer_feedback.go:111.26,112.33 1 0
github.com/MemDBai/MemDB/memdb-go/internal/scheduler/reorganizer_feedback.go:112.33,114.4 1 0
github.com/MemDBai/MemDB/memdb-go/internal/scheduler/reorganizer_feedback.go:116.2,116.21 1 0
github.com/MemDBai/MemDB/memdb-go/internal/scheduler/reorganizer_feedback.go:116.21,118.3 1 0
github.com/MemDBai/MemDB/memdb-go/internal/scheduler/reorganizer_feedback.go:120.2,131.16 6 0
github.com/MemDBai/MemDB/memdb-go/internal/scheduler/reorganizer_feedback.go:131.16,133.3 1 0
github.com/MemDBai/MemDB/memdb-go/internal/scheduler/reorganizer_feedback.go:135.2,139.61 3 0
github.com/MemDBai/MemDB/memdb-go/internal/scheduler/reorganizer_feedback.go:139.61,141.3 1 0
github.com/MemDBai/MemDB/memdb-go/internal/scheduler/reorganizer_feedback.go:142.2,142.28 1 0
github.com/MemDBai/MemDB/memdb-go/internal/scheduler/reorganizer_mem_read.go:33.92,34.21 1 0
github.com/MemDBai/MemDB/memdb-go/internal/scheduler/reorganizer_mem_read.go:34.21,36.3 1 0
github.com/MemDBai/MemDB/memdb-go/internal/scheduler/reorganizer_mem_read.go:37.2,37.23 1 0
github.com/MemDBai/MemDB/memdb-go/internal/scheduler/reorganizer_mem_read.go:37.23,40.3 2 0
github.com/MemDBai/MemDB/memdb-go/internal/scheduler/reorganizer_mem_read.go:42.2,47.35 4 0
github.com/MemDBai/MemDB/memdb-go/internal/scheduler/reorganizer_mem_read.go:47.35,50.3 2 0
github.com/MemDBai/MemDB/memdb-go/internal/scheduler/reorganizer_mem_read.go:52.2,55.29 3 0
github.com/MemDBai/MemDB/memdb-go/internal/scheduler/reorganizer_mem_read.go:55.29,58.34 3 0
github.com/MemDBai/MemDB/memdb-go/internal/scheduler/reorganizer_mem_read.go:58.34,60.12 2 0
github.com/MemDBai/MemDB/memdb-go/internal/scheduler/reorganizer_mem_read.go:64.3,65.17 2 0
github.com/MemDBai/MemDB/memdb-go/internal/scheduler/reorganizer_mem_read.go:65.17,68.12 3 0
github.com/MemDBai/MemDB/memdb-go/internal/scheduler/reorganizer_mem_read.go:70.3,70.22 1 0
github.com/MemDBai/MemDB/memdb-go/internal/scheduler/reorganizer_mem_read.go:70.22,73.12 3 0
github.com/MemDBai/MemDB/memdb-go/internal/scheduler/reorganizer_mem_read.go:77.3,78.27 2 0
github.com/MemDBai/MemDB/memdb-go/internal/scheduler/reorganizer_mem_read.go:78.27,80.4 1 0
github.com/MemDBai/MemDB/memdb-go/internal/scheduler/reorganizer_mem_read.go:81.3,82.17 2 0
github.com/MemDBai/MemDB/memdb-go/internal/scheduler/reorganizer_mem_read.go:82.17,85.12 3 0
github.com/MemDBai/MemDB/memdb-go/internal/scheduler/reorganizer_mem_read.go:88.3,89.27 2 0
github.com/MemDBai/MemDB/memdb-go/internal/scheduler/reorganizer_mem_read.go:89.27,90.43 1 0
github.com/MemDBai/MemDB/memdb-go/internal/scheduler/reorganizer_mem_read.go:90.43,91.13 1 0
github.com/MemDBai/MemDB/memdb-go/internal/scheduler/reorganizer_mem_read.go:93.4,94.31 2 0
github.com/MemDBai/MemDB/memdb-go/internal/scheduler/reorganizer_mem_read.go:94.31,96.5 1 0
github.com/MemDBai/MemDB/memdb-go/internal/scheduler/reorganizer_mem_read.go:97.4,117.6 4 0
github.com/MemDBai/MemDB/memdb-go/internal/scheduler/reorganizer_mem_read.go:119.3,119.24 1 0
github.com/MemDBai/MemDB/memdb-go/internal/scheduler/reorganizer_mem_read.go:119.24,120.70 1 0
github.com/MemDBai/MemDB/memdb-go/internal/scheduler/reorganizer_mem_read.go:120.70,123.13 3 0
github.com/MemDBai/MemDB/memdb-go/internal/scheduler/reorganizer_mem_read.go:126.4,126.37 1 0
github.com/MemDBai/MemDB/memdb-go/internal/scheduler/reorganizer_mem_read.go:126.37,127.105 1 0
github.com/MemDBai/MemDB/memdb-go/internal/scheduler/reorganizer_mem_read.go:127.105,130.6 1 0
github.com/MemDBai/MemDB/memdb-go/internal/scheduler/reorganizer_mem_read.go:132.4,132.29 1 0
github.com/MemDBai/MemDB/memdb-go/internal/scheduler/reorganizer_mem_read.go:136.3,136.41 1 0
github.com/MemDBai/MemDB/memdb-go/internal/scheduler/reorganizer_mem_read.go:139.2,143.3 1 0
github.com/MemDBai/MemDB/memdb-go/internal/scheduler/reorganizer_mem_read.go:147.98,157.16 5 0
github.com/MemDBai/MemDB/memdb-go/internal/scheduler/reorganizer_mem_read.go:157.16,159.3 1 0
github.com/MemDBai/MemDB/memdb-go/internal/scheduler/reorganizer_mem_read.go:161.2,165.61 3 0
github.com/MemDBai/MemDB/memdb-go/internal/scheduler/reorganizer_mem_read.go:165.61,167.3 1 0
github.com/MemDBai/MemDB/memdb-go/internal/scheduler/reorganizer_mem_read.go:168.2,168.29 1 0
github.com/MemDBai/MemDB/memdb-go/internal/scheduler/reorganizer_mem_read.go:172.96,173.87 1 0
github.com/MemDBai/MemDB/memdb-go/internal/scheduler/reorganizer_mem_read.go:173.87,175.3 1 0
github.com/MemDBai/MemDB/memdb-go/internal/scheduler/reorganizer_mem_read.go:176.2,176.22 1 0
github.com/MemDBai/MemDB/memdb-go/internal/scheduler/reorganizer_mem_read.go:176.22,177.59 1 0
github.com/MemDBai/MemDB/memdb-go/internal/scheduler/reorganizer_mem_read.go:177.59,179.4 1 0
github.com/MemDBai/MemDB/memdb-go/internal/scheduler/reorganizer_prefs.go:24.100,25.24 1 0
github.com/MemDBai/MemDB/memdb-go/internal/scheduler/reorganizer_prefs.go:25.24,27.3 1 0
github.com/MemDBai/MemDB/memdb-go/internal/scheduler/reorganizer_prefs.go:28.2,28.23 1 0
github.com/MemDBai/MemDB/memdb-go/internal/scheduler/reorganizer_prefs.go:28.23,31.3 2 0
github.com/MemDBai/MemDB/memdb-go/internal/scheduler/reorganizer_prefs.go:33.2,37.16 3 0
github.com/MemDBai/MemDB/memdb-go/internal/scheduler/reorganizer_prefs.go:37.16,40.3 2 0
github.com/MemDBai/MemDB/memdb-go/internal/scheduler/reorganizer_prefs.go:41.2,41.21 1 0
github.com/MemDBai/MemDB/memdb-go/internal/scheduler/reorganizer_prefs.go:41.21,44.3 2 0
github.com/MemDBai/MemDB/memdb-go/internal/scheduler/reorganizer_prefs.go:45.2,49.16 3 0
github.com/MemDBai/MemDB/memdb-go/internal/scheduler/reorganizer_prefs.go:49.16,52.3 2 0
github.com/MemDBai/MemDB/memdb-go/internal/scheduler/reorganizer_prefs.go:55.2,57.29 3 0
github.com/MemDBai/MemDB/memdb-go/internal/scheduler/reorganizer_prefs.go:57.29,58.42 1 0
github.com/MemDBai/MemDB/memdb-go/internal/scheduler/reorganizer_prefs.go:58.42,59.12 1 0
github.com/MemDBai/MemDB/memdb-go/internal/scheduler/reorganizer_prefs.go:61.3,80.5 4 0
github.com/MemDBai/MemDB/memdb-go/internal/scheduler/reorganizer_prefs.go:82.2,82.21 1 0
github.com/MemDBai/MemDB/memdb-go/internal/scheduler/reorganizer_prefs.go:82.21,84.3 1 0
github.com/MemDBai/MemDB/memdb-go/internal/scheduler/reorganizer_prefs.go:85.2,85.65 1 0
github.com/MemDBai/MemDB/memdb-go/internal/scheduler/reorganizer_prefs.go:85.65,88.3 2 0
github.com/MemDBai/MemDB/memdb-go/internal/scheduler/reorganizer_prefs.go:89.2,89.76 1 0
github.com/MemDBai/MemDB/memdb-go/internal/scheduler/reorganizer_prefs.go:93.105,103.16 5 0
github.com/MemDBai/MemDB/memdb-go/internal/scheduler/reorganizer_prefs.go:103.16,105.3 1 0
github.com/MemDBai/MemDB/memdb-go/internal/scheduler/reorganizer_prefs.go:107.2,113.61 3 0
github.com/MemDBai/MemDB/memdb-go/internal/scheduler/reorganizer_prefs.go:113.61,115.3 1 0
github.com/MemDBai/MemDB/memdb-go/internal/scheduler/reorganizer_prefs.go:116.2,117.39 2 0
[...]
github.com/MemDBai/MemDB/memdb-go/internal/handlers/search.go:90.21,92.3 1 0
github.com/MemDBai/MemDB/memdb-go/internal/handlers/search.go:93.2,94.29 2 0
github.com/MemDBai/MemDB/memdb-go/internal/handlers/search.go:94.29,96.3 1 0
github.com/MemDBai/MemDB/memdb-go/internal/handlers/search.go:97.2,98.25 2 0
github.com/MemDBai/MemDB/memdb-go/internal/handlers/search.go:98.25,100.3 1 0
github.com/MemDBai/MemDB/memdb-go/internal/handlers/search.go:101.2,102.28 2 0
github.com/MemDBai/MemDB/memdb-go/internal/handlers/search.go:102.28,104.3 1 0
github.com/MemDBai/MemDB/memdb-go/internal/handlers/search.go:105.2,106.22 2 0
github.com/MemDBai/MemDB/memdb-go/internal/handlers/search.go:106.22,108.3 1 0
github.com/MemDBai/MemDB/memdb-go/internal/handlers/search.go:109.2,110.27 2 0
github.com/MemDBai/MemDB/memdb-go/internal/handlers/search.go:110.27,112.3 1 0
github.com/MemDBai/MemDB/memdb-go/internal/handlers/search.go:113.2,114.33 2 0
github.com/MemDBai/MemDB/memdb-go/internal/handlers/search.go:114.33,116.3 1 0
github.com/MemDBai/MemDB/memdb-go/internal/handlers/search.go:117.2,118.35 2 0
github.com/MemDBai/MemDB/memdb-go/internal/handlers/search.go:118.35,120.3 1 0
github.com/MemDBai/MemDB/memdb-go/internal/handlers/search.go:121.2,122.34 2 0
github.com/MemDBai/MemDB/memdb-go/internal/handlers/search.go:122.34,124.3 1 0
github.com/MemDBai/MemDB/memdb-go/internal/handlers/search.go:125.2,126.33 2 0
github.com/MemDBai/MemDB/memdb-go/internal/handlers/search.go:126.33,128.3 1 0
github.com/MemDBai/MemDB/memdb-go/internal/handlers/search.go:130.2,131.65 2 0
github.com/MemDBai/MemDB/memdb-go/internal/handlers/search.go:131.65,133.3 1 0
github.com/MemDBai/MemDB/memdb-go/internal/handlers/search.go:135.2,140.56 3 0
github.com/MemDBai/MemDB/memdb-go/internal/handlers/search.go:140.56,145.3 4 0
github.com/MemDBai/MemDB/memdb-go/internal/handlers/search.go:148.2,163.16 2 0
github.com/MemDBai/MemDB/memdb-go/internal/handlers/search.go:163.16,169.3 3 0
github.com/MemDBai/MemDB/memdb-go/internal/handlers/search.go:171.2,177.52 2 0
github.com/MemDBai/MemDB/memdb-go/internal/handlers/search.go:177.52,182.3 4 0
github.com/MemDBai/MemDB/memdb-go/internal/handlers/search.go:182.8,184.3 1 0
github.com/MemDBai/MemDB/memdb-go/internal/handlers/search.go:187.2,188.36 2 0
github.com/MemDBai/MemDB/memdb-go/internal/handlers/search.go:188.36,190.3 1 0
github.com/MemDBai/MemDB/memdb-go/internal/handlers/search.go:191.2,191.37 1 0
github.com/MemDBai/MemDB/memdb-go/internal/handlers/search.go:191.37,193.3 1 0
github.com/MemDBai/MemDB/memdb-go/internal/handlers/search.go:194.2,194.36 1 0
github.com/MemDBai/MemDB/memdb-go/internal/handlers/search.go:194.36,196.3 1 0
github.com/MemDBai/MemDB/memdb-go/internal/handlers/search.go:197.2,197.36 1 0
github.com/MemDBai/MemDB/memdb-go/internal/handlers/search.go:197.36,199.3 1 0
github.com/MemDBai/MemDB/memdb-go/internal/handlers/search.go:200.2,207.3 1 0
github.com/MemDBai/MemDB/memdb-go/internal/handlers/search.go:211.37,214.2 2 0
github.com/MemDBai/MemDB/memdb-go/internal/handlers/search.go:217.37,218.17 1 0
github.com/MemDBai/MemDB/memdb-go/internal/handlers/search.go:218.17,220.3 1 0
github.com/MemDBai/MemDB/memdb-go/internal/handlers/search.go:221.2,221.10 1 0
github.com/MemDBai/MemDB/memdb-go/internal/handlers/users.go:17.75,18.23 1 1
github.com/MemDBai/MemDB/memdb-go/internal/handlers/users.go:18.23,21.3 2 1
github.com/MemDBai/MemDB/memdb-go/internal/handlers/users.go:23.2,27.56 3 0
github.com/MemDBai/MemDB/memdb-go/internal/handlers/users.go:27.56,32.3 4 0
github.com/MemDBai/MemDB/memdb-go/internal/handlers/users.go:34.2,35.16 2 0
github.com/MemDBai/MemDB/memdb-go/internal/handlers/users.go:35.16,41.3 3 0
github.com/MemDBai/MemDB/memdb-go/internal/handlers/users.go:42.2,42.18 1 0
github.com/MemDBai/MemDB/memdb-go/internal/handlers/users.go:42.18,44.3 1 0
github.com/MemDBai/MemDB/memdb-go/internal/handlers/users.go:46.2,51.52 2 0
github.com/MemDBai/MemDB/memdb-go/internal/handlers/users.go:51.52,53.3 1 0
github.com/MemDBai/MemDB/memdb-go/internal/handlers/users.go:55.2,55.37 1 0
github.com/MemDBai/MemDB/memdb-go/internal/handlers/users.go:59.73,60.23 1 0
github.com/MemDBai/MemDB/memdb-go/internal/handlers/users.go:60.23,63.3 2 0
github.com/MemDBai/MemDB/memdb-go/internal/handlers/users.go:65.2,66.18 2 0
github.com/MemDBai/MemDB/memdb-go/internal/handlers/users.go:66.18,73.3 2 0
github.com/MemDBai/MemDB/memdb-go/internal/handlers/users.go:75.2,76.16 2 0
github.com/MemDBai/MemDB/memdb-go/internal/handlers/users.go:76.16,83.3 3 0
github.com/MemDBai/MemDB/memdb-go/internal/handlers/users.go:85.2,92.4 1 0
github.com/MemDBai/MemDB/memdb-go/internal/handlers/users.go:102.78,103.23 1 0
github.com/MemDBai/MemDB/memdb-go/internal/handlers/users.go:103.23,106.3 2 0
github.com/MemDBai/MemDB/memdb-go/internal/handlers/users.go:108.2,109.9 2 0
github.com/MemDBai/MemDB/memdb-go/internal/handlers/users.go:109.9,111.3 1 0
github.com/MemDBai/MemDB/memdb-go/internal/handlers/users.go:113.2,114.34 2 0
github.com/MemDBai/MemDB/memdb-go/internal/handlers/users.go:114.34,116.3 1 0
github.com/MemDBai/MemDB/memdb-go/internal/handlers/users.go:118.2,119.44 2 0
github.com/MemDBai/MemDB/memdb-go/internal/handlers/users.go:119.44,121.3 1 0
github.com/MemDBai/MemDB/memdb-go/internal/handlers/users.go:123.2,130.4 1 0
github.com/MemDBai/MemDB/memdb-go/internal/handlers/users.go:135.81,147.2 2 1
github.com/MemDBai/MemDB/memdb-go/internal/handlers/users.go:150.80,151.23 1 0
github.com/MemDBai/MemDB/memdb-go/internal/handlers/users.go:151.23,154.3 2 0
github.com/MemDBai/MemDB/memdb-go/internal/handlers/users.go:156.2,160.56 3 0
github.com/MemDBai/MemDB/memdb-go/internal/handlers/users.go:160.56,165.3 4 0
github.com/MemDBai/MemDB/memdb-go/internal/handlers/users.go:167.2,168.16 2 0
github.com/MemDBai/MemDB/memdb-go/internal/handlers/users.go:168.16,174.3 3 0
github.com/MemDBai/MemDB/memdb-go/internal/handlers/users.go:176.2,183.52 2 0
github.com/MemDBai/MemDB/memdb-go/internal/handlers/users.go:183.52,185.3 1 0
github.com/MemDBai/MemDB/memdb-go/internal/handlers/users.go:187.2,187.37 1 0
github.com/MemDBai/MemDB/memdb-go/internal/handlers/users.go:192.75,193.23 1 0
github.com/MemDBai/MemDB/memdb-go/internal/handlers/users.go:193.23,196.3 2 0
github.com/MemDBai/MemDB/memdb-go/internal/handlers/users.go:198.2,202.4 1 0
github.com/MemDBai/MemDB/memdb-go/internal/handlers/users.go:207.75,208.23 1 0
github.com/MemDBai/MemDB/memdb-go/internal/handlers/users.go:208.23,211.3 2 0
github.com/MemDBai/MemDB/memdb-go/internal/handlers/users.go:213.2,221.4 2 0
github.com/MemDBai/MemDB/memdb-go/internal/handlers/users.go:226.79,227.23 1 0
github.com/MemDBai/MemDB/memdb-go/internal/handlers/users.go:227.23,230.3 2 0
github.com/MemDBai/MemDB/memdb-go/internal/handlers/users.go:232.2,240.4 2 0
github.com/MemDBai/MemDB/memdb-go/internal/handlers/users.go:245.82,246.23 1 1
github.com/MemDBai/MemDB/memdb-go/internal/handlers/users.go:246.23,249.3 2 0
github.com/MemDBai/MemDB/memdb-go/internal/handlers/users.go:251.2,254.9 3 1
github.com/MemDBai/MemDB/memdb-go/internal/handlers/users.go:254.9,256.3 1 1
github.com/MemDBai/MemDB/memdb-go/internal/handlers/users.go:258.2,259.51 2 1
github.com/MemDBai/MemDB/memdb-go/internal/handlers/users.go:259.51,262.3 2 1
github.com/MemDBai/MemDB/memdb-go/internal/handlers/users.go:264.2,271.4 1 1
github.com/MemDBai/MemDB/memdb-go/internal/handlers/users.go:275.78,276.23 1 1
github.com/MemDBai/MemDB/memdb-go/internal/handlers/users.go:276.23,279.3 2 1
github.com/MemDBai/MemDB/memdb-go/internal/handlers/users.go:281.2,282.9 2 0
github.com/MemDBai/MemDB/memdb-go/internal/handlers/users.go:282.9,284.3 1 0
github.com/MemDBai/MemDB/memdb-go/internal/handlers/users.go:286.2,287.34 2 0
github.com/MemDBai/MemDB/memdb-go/internal/handlers/users.go:287.34,289.3 1 0
github.com/MemDBai/MemDB/memdb-go/internal/handlers/users.go:291.2,291.50 1 0
github.com/MemDBai/MemDB/memdb-go/internal/handlers/users.go:291.50,294.3 2 0
github.com/MemDBai/MemDB/memdb-go/internal/handlers/users.go:296.2,297.16 2 0
github.com/MemDBai/MemDB/memdb-go/internal/handlers/users.go:297.16,303.3 3 0
github.com/MemDBai/MemDB/memdb-go/internal/handlers/users.go:305.2,309.4 1 0
github.com/MemDBai/MemDB/memdb-go/internal/handlers/users.go:318.89,319.23 1 1
github.com/MemDBai/MemDB/memdb-go/internal/handlers/users.go:319.23,322.3 2 1
github.com/MemDBai/MemDB/memdb-go/internal/handlers/users.go:324.2,325.9 2 0
github.com/MemDBai/MemDB/memdb-go/internal/handlers/users.go:325.9,327.3 1 0
github.com/MemDBai/MemDB/memdb-go/internal/handlers/users.go:329.2,330.34 2 0
github.com/MemDBai/MemDB/memdb-go/internal/handlers/users.go:330.34,332.3 1 0
github.com/MemDBai/MemDB/memdb-go/internal/handlers/users.go:334.2,334.54 1 0
github.com/MemDBai/MemDB/memdb-go/internal/handlers/users.go:334.54,337.3 2 0
github.com/MemDBai/MemDB/memdb-go/internal/handlers/users.go:339.2,340.16 2 0
github.com/MemDBai/MemDB/memdb-go/internal/handlers/users.go:340.16,346.3 3 0
github.com/MemDBai/MemDB/memdb-go/internal/handlers/users.go:348.2,352.4 1 0
github.com/MemDBai/MemDB/memdb-go/internal/handlers/validate.go:129.75,131.9 2 1
github.com/MemDBai/MemDB/memdb-go/internal/handlers/validate.go:131.9,133.3 1 1
github.com/MemDBai/MemDB/memdb-go/internal/handlers/validate.go:135.2,136.34 2 1
github.com/MemDBai/MemDB/memdb-go/internal/handlers/validate.go:136.34,138.3 1 1
github.com/MemDBai/MemDB/memdb-go/internal/handlers/validate.go:140.2,141.61 2 1
github.com/MemDBai/MemDB/memdb-go/internal/handlers/validate.go:141.61,143.3 1 1
github.com/MemDBai/MemDB/memdb-go/internal/handlers/validate.go:144.2,144.44 1 1
github.com/MemDBai/MemDB/memdb-go/internal/handlers/validate.go:144.44,146.3 1 1
github.com/MemDBai/MemDB/memdb-go/internal/handlers/validate.go:147.2,147.38 1 1
github.com/MemDBai/MemDB/memdb-go/internal/handlers/validate.go:147.38,149.3 1 1
github.com/MemDBai/MemDB/memdb-go/internal/handlers/validate.go:150.2,150.22 1 1
github.com/MemDBai/MemDB/memdb-go/internal/handlers/validate.go:150.22,151.21 1 1
github.com/MemDBai/MemDB/memdb-go/internal/handlers/validate.go:152.27,152.27 0 0
github.com/MemDBai/MemDB/memdb-go/internal/handlers/validate.go:153.11,154.61 1 1
github.com/MemDBai/MemDB/memdb-go/internal/handlers/validate.go:157.2,157.50 1 1
github.com/MemDBai/MemDB/memdb-go/internal/handlers/validate.go:157.50,159.3 1 1
github.com/MemDBai/MemDB/memdb-go/internal/handlers/validate.go:160.2,160.46 1 1
github.com/MemDBai/MemDB/memdb-go/internal/handlers/validate.go:160.46,162.3 1 1
github.com/MemDBai/MemDB/memdb-go/internal/handlers/validate.go:163.2,163.52 1 1
github.com/MemDBai/MemDB/memdb-go/internal/handlers/validate.go:163.52,165.3 1 0
github.com/MemDBai/MemDB/memdb-go/internal/handlers/validate.go:166.2,166.54 1 1
github.com/MemDBai/MemDB/memdb-go/internal/handlers/validate.go:166.54,168.3 1 0
github.com/MemDBai/MemDB/memdb-go/internal/handlers/validate.go:170.2,170.29 1 1
github.com/MemDBai/MemDB/memdb-go/internal/handlers/validate.go:170.29,172.3 1 1
github.com/MemDBai/MemDB/memdb-go/internal/handlers/validate.go:174.2,174.46 1 0
github.com/MemDBai/MemDB/memdb-go/internal/handlers/validate.go:178.72,180.9 2 1
github.com/MemDBai/MemDB/memdb-go/internal/handlers/validate.go:180.9,182.3 1 0
github.com/MemDBai/MemDB/memdb-go/internal/handlers/validate.go:184.2,185.34 2 1
github.com/MemDBai/MemDB/memdb-go/internal/handlers/validate.go:185.34,187.3 1 0
github.com/MemDBai/MemDB/memdb-go/internal/handlers/validate.go:189.2,190.44 2 1
github.com/MemDBai/MemDB/memdb-go/internal/handlers/validate.go:190.44,192.3 1 1
github.com/MemDBai/MemDB/memdb-go/internal/handlers/validate.go:193.2,193.26 1 1
github.com/MemDBai/MemDB/memdb-go/internal/handlers/validate.go:193.26,194.25 1 1
github.com/MemDBai/MemDB/memdb-go/internal/handlers/validate.go:195.24,195.24 0 0
github.com/MemDBai/MemDB/memdb-go/internal/handlers/validate.go:196.11,197.65 1 1
github.com/MemDBai/MemDB/memdb-go/internal/handlers/validate.go:200.2,200.21 1 1
github.com/MemDBai/MemDB/memdb-go/internal/handlers/validate.go:200.21,201.20 1 1
github.com/MemDBai/MemDB/memdb-go/internal/handlers/validate.go:202.23,202.23 0 0
github.com/MemDBai/MemDB/memdb-go/internal/handlers/validate.go:203.11,204.58 1 1
github.com/MemDBai/MemDB/memdb-go/internal/handlers/validate.go:208.2,208.29 1 1
github.com/MemDBai/MemDB/memdb-go/internal/handlers/validate.go:208.29,210.3 1 1
github.com/MemDBai/MemDB/memdb-go/internal/handlers/validate.go:212.2,212.43 1 0
github.com/MemDBai/MemDB/memdb-go/internal/handlers/validate.go:216.77,218.9 2 1
github.com/MemDBai/MemDB/memdb-go/internal/handlers/validate.go:218.9,220.3 1 0
github.com/MemDBai/MemDB/memdb-go/internal/handlers/validate.go:222.2,223.34 2 1
github.com/MemDBai/MemDB/memdb-go/internal/handlers/validate.go:223.34,225.3 1 0
github.com/MemDBai/MemDB/memdb-go/internal/handlers/validate.go:227.2,228.44 2 1
github.com/MemDBai/MemDB/memdb-go/internal/handlers/validate.go:228.44,230.3 1 1
github.com/MemDBai/MemDB/memdb-go/internal/handlers/validate.go:231.2,231.62 1 1
github.com/MemDBai/MemDB/memdb-go/internal/handlers/validate.go:231.62,233.3 1 1
github.com/MemDBai/MemDB/memdb-go/internal/handlers/validate.go:234.2,234.24 1 1
github.com/MemDBai/MemDB/memdb-go/internal/handlers/validate.go:234.24,236.3 1 1
github.com/MemDBai/MemDB/memdb-go/internal/handlers/validate.go:238.2,238.29 1 1
github.com/MemDBai/MemDB/memdb-go/internal/handlers/validate.go:238.29,240.3 1 1
github.com/MemDBai/MemDB/memdb-go/internal/handlers/validate.go:242.2,242.48 1 0
github.com/MemDBai/MemDB/memdb-go/internal/handlers/validate.go:246.75,248.9 2 1
github.com/MemDBai/MemDB/memdb-go/internal/handlers/validate.go:248.9,250.3 1 1
github.com/MemDBai/MemDB/memdb-go/internal/handlers/validate.go:252.2,253.34 2 1
github.com/MemDBai/MemDB/memdb-go/internal/handlers/validate.go:253.34,255.3 1 1
github.com/MemDBai/MemDB/memdb-go/internal/handlers/validate.go:257.2,261.48 4 1
github.com/MemDBai/MemDB/memdb-go/internal/handlers/validate.go:261.48,264.3 2 1
github.com/MemDBai/MemDB/memdb-go/internal/handlers/validate.go:266.2,266.29 1 0
github.com/MemDBai/MemDB/memdb-go/internal/handlers/validate.go:270.75,272.9 2 1
github.com/MemDBai/MemDB/memdb-go/internal/handlers/validate.go:272.9,274.3 1 1
github.com/MemDBai/MemDB/memdb-go/internal/handlers/validate.go:276.2,277.34 2 1
github.com/MemDBai/MemDB/memdb-go/internal/handlers/validate.go:277.34,279.3 1 1
github.com/MemDBai/MemDB/memdb-go/internal/handlers/validate.go:281.2,282.29 2 1
github.com/MemDBai/MemDB/memdb-go/internal/handlers/validate.go:282.29,284.3 1 1
github.com/MemDBai/MemDB/memdb-go/internal/handlers/validate.go:286.2,286.29 1 0
github.com/MemDBai/MemDB/memdb-go/internal/handlers/validate.go:290.81,292.9 2 1
github.com/MemDBai/MemDB/memdb-go/internal/handlers/validate.go:292.9,294.3 1 0
github.com/MemDBai/MemDB/memdb-go/internal/handlers/validate.go:296.2,297.34 2 1
github.com/MemDBai/MemDB/memdb-go/internal/handlers/validate.go:297.34,299.3 1 0
github.com/MemDBai/MemDB/memdb-go/internal/handlers/validate.go:301.2,302.44 2 1
github.com/MemDBai/MemDB/memdb-go/internal/handlers/validate.go:302.44,304.3 1 0
github.com/MemDBai/MemDB/memdb-go/internal/handlers/validate.go:305.2,305.61 1 1
github.com/MemDBai/MemDB/memdb-go/internal/handlers/validate.go:305.61,307.3 1 0
github.com/MemDBai/MemDB/memdb-go/internal/handlers/validate.go:308.2,308.38 1 1
github.com/MemDBai/MemDB/memdb-go/internal/handlers/validate.go:308.38,310.3 1 1
github.com/MemDBai/MemDB/memdb-go/internal/handlers/validate.go:312.2,312.29 1 1
github.com/MemDBai/MemDB/memdb-go/internal/handlers/validate.go:312.29,314.3 1 1
github.com/MemDBai/MemDB/memdb-go/internal/handlers/validate.go:316.2,316.52 1 0
github.com/MemDBai/MemDB/memdb-go/internal/handlers/validate.go:320.73,322.9 2 1
github.com/MemDBai/MemDB/memdb-go/internal/handlers/validate.go:322.9,324.3 1 0
github.com/MemDBai/MemDB/memdb-go/internal/handlers/validate.go:326.2,327.34 2 1
github.com/MemDBai/MemDB/memdb-go/internal/handlers/validate.go:327.34,329.3 1 0
github.com/MemDBai/MemDB/memdb-go/internal/handlers/validate.go:331.2,332.44 2 1
github.com/MemDBai/MemDB/memdb-go/internal/handlers/validate.go:332.44,334.3 1 1
github.com/MemDBai/MemDB/memdb-go/internal/handlers/validate.go:335.2,335.61 1 1
github.com/MemDBai/MemDB/memdb-go/internal/handlers/validate.go:335.61,337.3 1 1
github.com/MemDBai/MemDB/memdb-go/internal/handlers/validate.go:339.2,339.29 1 1
github.com/MemDBai/MemDB/memdb-go/internal/handlers/validate.go:339.29,341.3 1 1
github.com/MemDBai/MemDB/memdb-go/internal/handlers/validate.go:343.2,343.52 1 0
github.com/MemDBai/MemDB/memdb-go/internal/handlers/validate.go:347.79,350.2 1 0
github.com/MemDBai/MemDB/memdb-go/internal/handlers/validate.go:353.78,355.9 2 1
github.com/MemDBai/MemDB/memdb-go/internal/handlers/validate.go:355.9,357.3 1 1
github.com/MemDBai/MemDB/memdb-go/internal/handlers/validate.go:359.2,360.34 2 1
github.com/MemDBai/MemDB/memdb-go/internal/handlers/validate.go:360.34,362.3 1 1
github.com/MemDBai/MemDB/memdb-go/internal/handlers/validate.go:367.2,367.29 1 0
github.com/MemDBai/MemDB/memdb-go/internal/handlers/validate.go:371.83,373.9 2 1
github.com/MemDBai/MemDB/memdb-go/internal/handlers/validate.go:373.9,375.3 1 0
github.com/MemDBai/MemDB/memdb-go/internal/handlers/validate.go:377.2,378.34 2 1
github.com/MemDBai/MemDB/memdb-go/internal/handlers/validate.go:378.34,380.3 1 0
github.com/MemDBai/MemDB/memdb-go/internal/handlers/validate.go:382.2,382.54 1 1
github.com/MemDBai/MemDB/memdb-go/internal/handlers/validate.go:382.54,385.3 2 1
github.com/MemDBai/MemDB/memdb-go/internal/handlers/validate.go:387.2,387.29 1 0
github.com/MemDBai/MemDB/memdb-go/internal/handlers/validate.go:391.81,393.9 2 1
github.com/MemDBai/MemDB/memdb-go/internal/handlers/validate.go:393.9,395.3 1 1
github.com/MemDBai/MemDB/memdb-go/internal/handlers/validate.go:397.2,398.34 2 1
github.com/MemDBai/MemDB/memdb-go/internal/handlers/validate.go:398.34,400.3 1 0
github.com/MemDBai/MemDB/memdb-go/internal/handlers/validate.go:402.2,402.50 1 1
github.com/MemDBai/MemDB/memdb-go/internal/handlers/validate.go:402.50,405.3 2 1
github.com/MemDBai/MemDB/memdb-go/internal/handlers/validate.go:407.2,407.29 1 0
github.com/MemDBai/MemDB/memdb-go/internal/handlers/validate.go:413.83,414.19 1 1
github.com/MemDBai/MemDB/memdb-go/internal/handlers/validate.go:414.19,417.3 2 0
github.com/MemDBai/MemDB/memdb-go/internal/handlers/validate.go:419.2,421.16 3 1
github.com/MemDBai/MemDB/memdb-go/internal/handlers/validate.go:421.16,425.3 3 0
github.com/MemDBai/MemDB/memdb-go/internal/handlers/validate.go:427.2,427.20 1 1
github.com/MemDBai/MemDB/memdb-go/internal/handlers/validate.go:427.20,430.3 2 1
github.com/MemDBai/MemDB/memdb-go/internal/handlers/validate.go:432.2,432.19 1 1
github.com/MemDBai/MemDB/memdb-go/internal/handlers/validate.go:436.80,437.50 1 1
github.com/MemDBai/MemDB/memdb-go/internal/handlers/validate.go:437.50,440.3 2 1
github.com/MemDBai/MemDB/memdb-go/internal/handlers/validate.go:441.2,441.13 1 1
github.com/MemDBai/MemDB/memdb-go/internal/handlers/validate.go:445.74,446.19 1 1
github.com/MemDBai/MemDB/memdb-go/internal/handlers/validate.go:446.19,449.3 2 1
github.com/MemDBai/MemDB/memdb-go/internal/handlers/validate.go:450.2,450.13 1 1
github.com/MemDBai/MemDB/memdb-go/internal/handlers/validate.go:455.65,457.36 2 1
github.com/MemDBai/MemDB/memdb-go/internal/handlers/validate.go:457.36,459.3 1 1
github.com/MemDBai/MemDB/memdb-go/internal/handlers/validate.go:460.2,460.44 1 1
github.com/MemDBai/MemDB/memdb-go/internal/handlers/validate.go:460.44,462.3 1 1
github.com/MemDBai/MemDB/memdb-go/internal/handlers/validate.go:462.8,463.52 1 1
github.com/MemDBai/MemDB/memdb-go/internal/handlers/validate.go:463.52,465.4 1 1
github.com/MemDBai/MemDB/memdb-go/internal/handlers/validate.go:467.2,467.13 1 1
github.com/MemDBai/MemDB/memdb-go/internal/handlers/validate.go:471.86,475.2 3 1
github.com/MemDBai/MemDB/memdb-go/internal/handlers/validate.go:478.80,491.2 7 1
